#
# A fatal error has been detected by the Java Runtime Environment:
#
#  EXCEPTION_ACCESS_VIOLATION (0xc0000005) at pc=0x00007ffea5fce0a9, pid=9436, tid=6232
#
# JRE version: OpenJDK Runtime Environment Microsoft-8035246 (17.0.8+7) (build 17.0.8+7-LTS)
# Java VM: OpenJDK 64-Bit Server VM Microsoft-8035246 (17.0.8+7-LTS, mixed mode, sharing, tiered, compressed oops, compressed class ptrs, g1 gc, windows-amd64)
# Problematic frame:
# V  [jvm.dll+0x2be0a9]
#
# No core dump will be written. Minidumps are not enabled by default on client versions of Windows
#
# If you would like to submit a bug report, please visit:
#   https://github.com/microsoft/openjdk/issues
#

---------------  S U M M A R Y ------------

Command Line: -XX:MaxMetaspaceSize=512m --add-opens=java.base/java.util=ALL-UNNAMED --add-opens=java.base/java.lang=ALL-UNNAMED --add-opens=java.base/java.lang.invoke=ALL-UNNAMED --add-opens=java.prefs/java.util.prefs=ALL-UNNAMED --add-opens=java.base/java.nio.charset=ALL-UNNAMED --add-opens=java.base/java.net=ALL-UNNAMED --add-opens=java.base/java.util.concurrent.atomic=ALL-UNNAMED -Xmx2048m -Dfile.encoding=windows-1252 -Duser.country=US -Duser.language=en -Duser.variant -javaagent:C:\Users\Al hamad\.gradle\wrapper\dists\gradle-8.3-all\6en3ugtfdg5xnpx44z4qbwgas\gradle-8.3\lib\agents\gradle-instrumentation-agent-8.3.jar org.gradle.launcher.daemon.bootstrap.GradleDaemon 8.3

Host: Intel(R) Core(TM) i5-4300U CPU @ 1.90GHz, 4 cores, 7G,  Windows 10 , 64 bit Build 19041 (10.0.19041.3636)
Time: Fri Feb 16 09:10:38 2024 Pakistan Standard Time elapsed time: 54.667315 seconds (0d 0h 0m 54s)

---------------  T H R E A D  ---------------

Current thread (0x000002a8fee0a160):  JavaThread "C2 CompilerThread0" daemon [_thread_in_native, id=6232, stack(0x000000da08100000,0x000000da08200000)]


Current CompileTask:
C2:  54667 16279       4       org.gradle.cache.internal.ExclusiveCacheAccessingWorker$1::call (10 bytes)

Stack: [0x000000da08100000,0x000000da08200000],  sp=0x000000da081fb340,  free space=1004k
Native frames: (J=compiled Java code, j=interpreted, Vv=VM code, C=native code)
V  [jvm.dll+0x2be0a9]
V  [jvm.dll+0x21ba8b]
V  [jvm.dll+0x21944b]
V  [jvm.dll+0x1a56b6]
V  [jvm.dll+0x2291ea]
V  [jvm.dll+0x22724c]
V  [jvm.dll+0x7efd0c]
V  [jvm.dll+0x7ea13a]
V  [jvm.dll+0x67ad85]
C  [ucrtbase.dll+0x21bb2]
C  [KERNEL32.DLL+0x17344]
C  [ntdll.dll+0x526b1]


siginfo: EXCEPTION_ACCESS_VIOLATION (0xc0000005), reading address 0x0000000000000028


Register to memory mapping:

RIP=0x00007ffea5fce0a9 jvm.dll
RAX=0x000002a8c5891ca0 points into unknown readable memory: 0x0000000000000000 | 00 00 00 00 00 00 00 00
RBX=0x0000000000001816 is an unknown value
RCX=0x0 is NULL
RDX=0x0 is NULL
RSP=0x000000da081fb340 is pointing into the stack for thread: 0x000002a8fee0a160
RBP=0x000000da081fb3b0 is pointing into the stack for thread: 0x000002a8fee0a160
RSI=0x0 is NULL
RDI=0x0000000000000048 is an unknown value
R8 =0x000000000000ffe0 is an unknown value
R9 =0x0 is NULL
R10=0x00007ffeee050000 VCRUNTIME140.dll
R11=0x000002a8c5891cc0 points into unknown readable memory: 0x0000000000000000 | 00 00 00 00 00 00 00 00
R12=0x0000000000000050 is an unknown value
R13=0x0 is NULL
R14=0x0 is NULL
R15=0x000000da081fe560 is pointing into the stack for thread: 0x000002a8fee0a160


Registers:
RAX=0x000002a8c5891ca0, RBX=0x0000000000001816, RCX=0x0000000000000000, RDX=0x0000000000000000
RSP=0x000000da081fb340, RBP=0x000000da081fb3b0, RSI=0x0000000000000000, RDI=0x0000000000000048
R8 =0x000000000000ffe0, R9 =0x0000000000000000, R10=0x00007ffeee050000, R11=0x000002a8c5891cc0
R12=0x0000000000000050, R13=0x0000000000000000, R14=0x0000000000000000, R15=0x000000da081fe560
RIP=0x00007ffea5fce0a9, EFLAGS=0x0000000000010202

Top of Stack: (sp=0x000000da081fb340)
0x000000da081fb340:   0000000000001816 0000000000000000
0x000000da081fb350:   000000da081fe560 00007ffea5f338d1
0x000000da081fb360:   000002a8fedf83e0 00007ffe00002000
0x000000da081fb370:   000002a8c5891ca0 0000000000000000
0x000000da081fb380:   0000000000000002 000002a8c5512d70
0x000000da081fb390:   0000000000000002 000002a8fedf83e0
0x000000da081fb3a0:   0000000000000000 0000000000000000
0x000000da081fb3b0:   000002a8feddc2d0 000002a8fbc96b40
0x000000da081fb3c0:   0000000000000048 00007ffea6654c08
0x000000da081fb3d0:   000000da081fb4e0 00007ffea5f2ba8b
0x000000da081fb3e0:   000000da081fe560 00007ffea6654c08
0x000000da081fb3f0:   000000da081fe560 000000da081fb4e0
0x000000da081fb400:   000000da00000000 000000da081ff0c0
0x000000da081fb410:   000000da0000000f 000000da081fe560
0x000000da081fb420:   000000da081fb590 00007ffe00000000
0x000000da081fb430:   000002a800000100 00007ffea6654c08 

Instructions: (pc=0x00007ffea5fce0a9)
0x00007ffea5fcdfa9:   3b d0 75 0b ff c1 41 3b c9 7c dc 48 8b c2 c3 33
0x00007ffea5fcdfb9:   c0 c3 cc cc cc cc cc 48 89 5c 24 18 55 56 57 41
0x00007ffea5fcdfc9:   55 41 57 48 8b ec 48 83 ec 70 65 48 8b 04 25 58
0x00007ffea5fcdfd9:   00 00 00 48 8b f2 44 8b 05 d2 8b 90 00 4c 8b f9
0x00007ffea5fcdfe9:   4a 8b 1c c0 b8 50 00 00 00 80 3c 18 00 75 05 e8
0x00007ffea5fcdff9:   8b 6f 5d 00 b8 20 00 00 00 48 8b 04 18 48 8b 98
0x00007ffea5fce009:   38 02 00 00 48 89 5d b0 c7 45 b8 04 00 00 00 48
0x00007ffea5fce019:   8b 43 18 48 83 f8 df 76 18 4c 8d 05 37 a9 65 00
0x00007ffea5fce029:   ba 20 00 00 00 48 8b cb e8 5a eb de ff 48 8b 43
0x00007ffea5fce039:   18 48 8d 48 20 48 3b 4b 20 76 11 45 33 c0 48 8b
0x00007ffea5fce049:   cb 41 8d 50 20 e8 fd e8 de ff eb 04 48 89 4b 18
0x00007ffea5fce059:   44 8b 45 b8 33 d2 49 c1 e0 03 48 8b c8 48 89 45
0x00007ffea5fce069:   c0 e8 e3 80 5d 00 45 33 ed 48 8d 4d d0 44 89 6d
0x00007ffea5fce079:   c8 e8 01 59 56 00 41 8b 9f 40 02 00 00 41 2b 9f
0x00007ffea5fce089:   68 02 00 00 44 89 6d f0 3b 5d b8 72 0b 8b d3 48
0x00007ffea5fce099:   8d 4d b0 e8 6f b3 39 00 48 8b 45 c0 4c 89 2c d8
0x00007ffea5fce0a9:   8b 7e 28 8b df c1 eb 05 3b 5d d0 72 0b 8b d3 48
0x00007ffea5fce0b9:   8d 4d d0 e8 1f 59 56 00 48 8b 45 d8 83 e7 1f 48
0x00007ffea5fce0c9:   8d 14 98 40 0f b6 cf 41 b8 01 00 00 00 41 d3 e0
0x00007ffea5fce0d9:   8b 0a 8b c1 41 0b c0 89 02 41 85 c8 75 21 8b 5d
0x00007ffea5fce0e9:   c8 8d 43 01 89 45 c8 3b 5d b8 72 0b 8b d3 48 8d
0x00007ffea5fce0f9:   4d b0 e8 10 b3 39 00 48 8b 45 c0 48 89 34 d8 44
0x00007ffea5fce109:   39 6d c8 0f 86 77 01 00 00 4c 89 a4 24 a0 00 00
0x00007ffea5fce119:   00 4c 89 b4 24 a8 00 00 00 48 8b 45 c0 41 8b cd
0x00007ffea5fce129:   48 8b 34 c8 8b 46 2c 25 ff 1f 00 00 3d 04 10 00
0x00007ffea5fce139:   00 0f 85 a7 00 00 00 bb 01 00 00 00 39 5e 18 76
0x00007ffea5fce149:   39 66 0f 1f 44 00 00 48 8b 46 08 8b cb 48 8b 14
0x00007ffea5fce159:   c8 48 85 d2 74 1d 48 83 7a 10 00 74 16 80 7a 2c
0x00007ffea5fce169:   84 74 10 e8 7f 7e ee ff 48 8b d0 49 8b cf e8 a4
0x00007ffea5fce179:   61 f6 ff ff c3 3b 5e 18 72 cd 48 8b 5e 10 8b 46
0x00007ffea5fce189:   20 4c 8d 34 c3 49 3b de 73 54 48 8b 3b 8b 47 2c
0x00007ffea5fce199:   83 e0 03 3c 03 75 2e 48 8b 07 48 8b cf ff 90 88 


Stack slot to memory mapping:
stack at sp + 0 slots: 0x0000000000001816 is an unknown value
stack at sp + 1 slots: 0x0 is NULL
stack at sp + 2 slots: 0x000000da081fe560 is pointing into the stack for thread: 0x000002a8fee0a160
stack at sp + 3 slots: 0x00007ffea5f338d1 jvm.dll
stack at sp + 4 slots: 0x000002a8fedf83e0 points into unknown readable memory: 0x000002a800000006 | 06 00 00 00 a8 02 00 00
stack at sp + 5 slots: 0x00007ffe00002000 is an unknown value
stack at sp + 6 slots: 0x000002a8c5891ca0 points into unknown readable memory: 0x0000000000000000 | 00 00 00 00 00 00 00 00
stack at sp + 7 slots: 0x0 is NULL


---------------  P R O C E S S  ---------------

Threads class SMR info:
_java_thread_list=0x000002a8bac044b0, length=94, elements={
0x000002a8fbc7f8c0, 0x000002a8fede34d0, 0x000002a8fede4a00, 0x000002a8fedfa250,
0x000002a8fedfcdf0, 0x000002a8fedff680, 0x000002a8fee06520, 0x000002a8fee0a160,
0x000002a8fee0b210, 0x000002a8fee06f40, 0x000002a8fee05b00, 0x000002a8fee03790,
0x000002a8fee04bd0, 0x000002a8fee03ca0, 0x000002a8fee041b0, 0x000002a8fee06a30,
0x000002a8fee046c0, 0x000002a8fee050e0, 0x000002a8fee055f0, 0x000002a8baffcdd0,
0x000002a8baffa550, 0x000002a8baffaa60, 0x000002a8baff9620, 0x000002a8baffe720,
0x000002a8baffa040, 0x000002a8baffdd00, 0x000002a8baffbea0, 0x000002a8baffd2e0,
0x000002a8baffd7f0, 0x000002a8baffaf70, 0x000002a8bafff140, 0x000002a8baffb480,
0x000002a8baffe210, 0x000002a8bafff650, 0x000002a8bafffb60, 0x000002a8baffc3b0,
0x000002a8bb000070, 0x000002a8bb000580, 0x000002a8baffc8c0, 0x000002a8baff9110,
0x000002a8bb000a90, 0x000002a8bcaea940, 0x000002a8bcaeb870, 0x000002a8bcaeae50,
0x000002a8bcae9a10, 0x000002a8bcae9f20, 0x000002a8bcae8ff0, 0x000002a8be0b9810,
0x000002a8be0b8df0, 0x000002a8be0b9300, 0x000002a8be0b4c20, 0x000002a8be0b4710,
0x000002a8be0bac50, 0x000002a8be0b5b50, 0x000002a8be0bb160, 0x000002a8be0b7ec0,
0x000002a8be0b9d20, 0x000002a8be0b79b0, 0x000002a8be0ba230, 0x000002a8be0b83d0,
0x000002a8be0bb670, 0x000002a8be0bbb80, 0x000002a8be0b6060, 0x000002a8bbc03580,
0x000002a8be0b6a80, 0x000002a8bf78c730, 0x000002a8bf78a8d0, 0x000002a8bf787b40,
0x000002a8bf788a70, 0x000002a8bf788f80, 0x000002a8bf78ade0, 0x000002a8bf78c220,
0x000002a8bf789490, 0x000002a8bf789eb0, 0x000002a8bf786700, 0x000002a8bf78d150,
0x000002a8bf7861f0, 0x000002a8bf786c10, 0x000002a8bf787120, 0x000002a8baff9b30,
0x000002a8c0ecbf90, 0x000002a8c0ed1ab0, 0x000002a8c0ece300, 0x000002a8c0ed15a0,
0x000002a8c0ecf740, 0x000002a8c0ece810, 0x000002a8c0ecb570, 0x000002a8c0eced20,
0x000002a8c0ecf230, 0x000002a8c0ecfc50, 0x000002a8c0ed0160, 0x000002a8c0ecc4a0,
0x000002a8c0eca640, 0x000002a8c0ecba80
}

Java Threads: ( => current thread )
  0x000002a8fbc7f8c0 JavaThread "main" [_thread_blocked, id=2708, stack(0x000000da07400000,0x000000da07500000)]
  0x000002a8fede34d0 JavaThread "Reference Handler" daemon [_thread_blocked, id=4252, stack(0x000000da07b00000,0x000000da07c00000)]
  0x000002a8fede4a00 JavaThread "Finalizer" daemon [_thread_blocked, id=9076, stack(0x000000da07c00000,0x000000da07d00000)]
  0x000002a8fedfa250 JavaThread "Signal Dispatcher" daemon [_thread_blocked, id=12224, stack(0x000000da07d00000,0x000000da07e00000)]
  0x000002a8fedfcdf0 JavaThread "Attach Listener" daemon [_thread_blocked, id=2900, stack(0x000000da07e00000,0x000000da07f00000)]
  0x000002a8fedff680 JavaThread "Service Thread" daemon [_thread_blocked, id=4452, stack(0x000000da07f00000,0x000000da08000000)]
  0x000002a8fee06520 JavaThread "Monitor Deflation Thread" daemon [_thread_blocked, id=2404, stack(0x000000da08000000,0x000000da08100000)]
=>0x000002a8fee0a160 JavaThread "C2 CompilerThread0" daemon [_thread_in_native, id=6232, stack(0x000000da08100000,0x000000da08200000)]
  0x000002a8fee0b210 JavaThread "C1 CompilerThread0" daemon [_thread_blocked, id=7024, stack(0x000000da08200000,0x000000da08300000)]
  0x000002a8fee06f40 JavaThread "Sweeper thread" daemon [_thread_blocked, id=11512, stack(0x000000da08300000,0x000000da08400000)]
  0x000002a8fee05b00 JavaThread "Common-Cleaner" daemon [_thread_blocked, id=7872, stack(0x000000da08400000,0x000000da08500000)]
  0x000002a8fee03790 JavaThread "Notification Thread" daemon [_thread_blocked, id=1584, stack(0x000000da08500000,0x000000da08600000)]
  0x000002a8fee04bd0 JavaThread "Daemon health stats" [_thread_blocked, id=8252, stack(0x000000da08b00000,0x000000da08c00000)]
  0x000002a8fee03ca0 JavaThread "Incoming local TCP Connector on port 59199" [_thread_in_native, id=12416, stack(0x000000da08c00000,0x000000da08d00000)]
  0x000002a8fee041b0 JavaThread "Daemon periodic checks" [_thread_blocked, id=3572, stack(0x000000da08d00000,0x000000da08e00000)]
  0x000002a8fee06a30 JavaThread "Daemon" [_thread_blocked, id=8624, stack(0x000000da08e00000,0x000000da08f00000)]
  0x000002a8fee046c0 JavaThread "Handler for socket connection from /127.0.0.1:59199 to /127.0.0.1:59200" [_thread_in_native, id=2336, stack(0x000000da08f00000,0x000000da09000000)]
  0x000002a8fee050e0 JavaThread "Cancel handler" [_thread_blocked, id=10588, stack(0x000000da09000000,0x000000da09100000)]
  0x000002a8fee055f0 JavaThread "Daemon worker" [_thread_blocked, id=1312, stack(0x000000da09100000,0x000000da09200000)]
  0x000002a8baffcdd0 JavaThread "Asynchronous log dispatcher for DefaultDaemonConnection: socket connection from /127.0.0.1:59199 to /127.0.0.1:59200" [_thread_blocked, id=5764, stack(0x000000da09200000,0x000000da09300000)]
  0x000002a8baffa550 JavaThread "Stdin handler" [_thread_blocked, id=5312, stack(0x000000da09300000,0x000000da09400000)]
  0x000002a8baffaa60 JavaThread "Daemon client event forwarder" [_thread_blocked, id=8476, stack(0x000000da09400000,0x000000da09500000)]
  0x000002a8baff9620 JavaThread "Cache worker for journal cache (C:\Users\Al hamad\.gradle\caches\journal-1)" [_thread_blocked, id=4272, stack(0x000000da09500000,0x000000da09600000)]
  0x000002a8baffe720 JavaThread "File lock request listener" [_thread_in_native, id=192, stack(0x000000da09600000,0x000000da09700000)]
  0x000002a8baffa040 JavaThread "Cache worker for file hash cache (C:\Users\Al hamad\.gradle\caches\8.3\fileHashes)" [_thread_blocked, id=4344, stack(0x000000da09700000,0x000000da09800000)]
  0x000002a8baffdd00 JavaThread "File watcher server" daemon [_thread_in_native, id=5716, stack(0x000000da09800000,0x000000da09900000)]
  0x000002a8baffbea0 JavaThread "File watcher consumer" daemon [_thread_blocked, id=12112, stack(0x000000da09900000,0x000000da09a00000)]
  0x000002a8baffd2e0 JavaThread "Cache worker for checksums cache (E:\Socail App\SocialApp\android\.gradle\8.3\checksums)" [_thread_blocked, id=12428, stack(0x000000da09a00000,0x000000da09b00000)]
  0x000002a8baffd7f0 JavaThread "Cache worker for file hash cache (E:\Socail App\SocialApp\android\.gradle\8.3\fileHashes)" [_thread_blocked, id=1208, stack(0x000000da09b00000,0x000000da09c00000)]
  0x000002a8baffaf70 JavaThread "Cache worker for cache directory md-supplier (C:\Users\Al hamad\.gradle\caches\8.3\md-supplier)" [_thread_blocked, id=8056, stack(0x000000da09c00000,0x000000da09d00000)]
  0x000002a8bafff140 JavaThread "Cache worker for file content cache (C:\Users\Al hamad\.gradle\caches\8.3\fileContent)" [_thread_blocked, id=9856, stack(0x000000da09d00000,0x000000da09e00000)]
  0x000002a8baffb480 JavaThread "Cache worker for cache directory md-rule (C:\Users\Al hamad\.gradle\caches\8.3\md-rule)" [_thread_blocked, id=13276, stack(0x000000da08700000,0x000000da08800000)]
  0x000002a8baffe210 JavaThread "Cache worker for execution history cache (C:\Users\Al hamad\.gradle\caches\8.3\executionHistory)" [_thread_blocked, id=3968, stack(0x000000da0a000000,0x000000da0a100000)]
  0x000002a8bafff650 JavaThread "jar transforms" [_thread_blocked, id=13196, stack(0x000000da0a200000,0x000000da0a300000)]
  0x000002a8bafffb60 JavaThread "jar transforms Thread 2" [_thread_blocked, id=6880, stack(0x000000da0a300000,0x000000da0a400000)]
  0x000002a8baffc3b0 JavaThread "jar transforms Thread 3" [_thread_blocked, id=8044, stack(0x000000da0a400000,0x000000da0a500000)]
  0x000002a8bb000070 JavaThread "jar transforms Thread 4" [_thread_blocked, id=13024, stack(0x000000da0a500000,0x000000da0a600000)]
  0x000002a8bb000580 JavaThread "Cache worker for kotlin-dsl (C:\Users\Al hamad\.gradle\caches\8.3\kotlin-dsl)" [_thread_blocked, id=4396, stack(0x000000da0a600000,0x000000da0a700000)]
  0x000002a8baffc8c0 JavaThread "Unconstrained build operations" [_thread_blocked, id=2640, stack(0x000000da0a700000,0x000000da0a800000)]
  0x000002a8baff9110 JavaThread "Unconstrained build operations Thread 2" [_thread_blocked, id=6288, stack(0x000000da0a800000,0x000000da0a900000)]
  0x000002a8bb000a90 JavaThread "Cache worker for dependencies-accessors (E:\Socail App\SocialApp\android\.gradle\8.3\dependencies-accessors)" [_thread_blocked, id=1052, stack(0x000000da0a900000,0x000000da0aa00000)]
  0x000002a8bcaea940 JavaThread "Cache worker for Build Output Cleanup Cache (E:\Socail App\SocialApp\node_modules\@react-native\gradle-plugin\.gradle\buildOutputCleanup)" [_thread_blocked, id=8176, stack(0x000000da0aa00000,0x000000da0ab00000)]
  0x000002a8bcaeb870 JavaThread "Unconstrained build operations Thread 3" [_thread_blocked, id=6396, stack(0x000000da0ab00000,0x000000da0ac00000)]
  0x000002a8bcaeae50 JavaThread "Unconstrained build operations Thread 4" [_thread_blocked, id=12768, stack(0x000000da0ac00000,0x000000da0ad00000)]
  0x000002a8bcae9a10 JavaThread "Unconstrained build operations Thread 5" [_thread_blocked, id=2332, stack(0x000000da0ad00000,0x000000da0ae00000)]
  0x000002a8bcae9f20 JavaThread "Memory manager" [_thread_blocked, id=9880, stack(0x000000da0ae00000,0x000000da0af00000)]
  0x000002a8bcae8ff0 JavaThread "Cache worker for Build Output Cleanup Cache (E:\Socail App\SocialApp\android\.gradle\buildOutputCleanup)" [_thread_blocked, id=2320, stack(0x000000da0af00000,0x000000da0b000000)]
  0x000002a8be0b9810 JavaThread "ForkJoinPool.commonPool-worker-1" daemon [_thread_blocked, id=3892, stack(0x000000da0b000000,0x000000da0b100000)]
  0x000002a8be0b8df0 JavaThread "ForkJoinPool.commonPool-worker-2" daemon [_thread_blocked, id=5308, stack(0x000000da0b100000,0x000000da0b200000)]
  0x000002a8be0b9300 JavaThread "ForkJoinPool.commonPool-worker-3" daemon [_thread_blocked, id=9396, stack(0x000000da0b200000,0x000000da0b300000)]
  0x000002a8be0b4c20 JavaThread "included builds" [_thread_blocked, id=6196, stack(0x000000da0b300000,0x000000da0b400000)]
  0x000002a8be0b4710 JavaThread "Execution worker" [_thread_blocked, id=7432, stack(0x000000da0b400000,0x000000da0b500000)]
  0x000002a8be0bac50 JavaThread "Execution worker Thread 2" [_thread_blocked, id=6068, stack(0x000000da0b500000,0x000000da0b600000)]
  0x000002a8be0b5b50 JavaThread "Execution worker Thread 3" [_thread_blocked, id=6596, stack(0x000000da0b600000,0x000000da0b700000)]
  0x000002a8be0bb160 JavaThread "Cache worker for execution history cache (E:\Socail App\SocialApp\node_modules\@react-native\gradle-plugin\.gradle\8.3\executionHistory)" [_thread_blocked, id=7240, stack(0x000000da0b700000,0x000000da0b800000)]
  0x000002a8be0b7ec0 JavaThread "Unconstrained build operations Thread 6" [_thread_blocked, id=8460, stack(0x000000da0b800000,0x000000da0b900000)]
  0x000002a8be0b9d20 JavaThread "Unconstrained build operations Thread 7" [_thread_blocked, id=9516, stack(0x000000da0b900000,0x000000da0ba00000)]
  0x000002a8be0b79b0 JavaThread "Unconstrained build operations Thread 8" [_thread_blocked, id=4872, stack(0x000000da0ba00000,0x000000da0bb00000)]
  0x000002a8be0ba230 JavaThread "Unconstrained build operations Thread 9" [_thread_blocked, id=8636, stack(0x000000da0bb00000,0x000000da0bc00000)]
  0x000002a8be0b83d0 JavaThread "Unconstrained build operations Thread 10" [_thread_blocked, id=9188, stack(0x000000da0bc00000,0x000000da0bd00000)]
  0x000002a8be0bb670 JavaThread "Unconstrained build operations Thread 11" [_thread_blocked, id=10448, stack(0x000000da0bd00000,0x000000da0be00000)]
  0x000002a8be0bbb80 JavaThread "Unconstrained build operations Thread 12" [_thread_blocked, id=8996, stack(0x000000da0be00000,0x000000da0bf00000)]
  0x000002a8be0b6060 JavaThread "Unconstrained build operations Thread 13" [_thread_blocked, id=9620, stack(0x000000da0bf00000,0x000000da0c000000)]
  0x000002a8bbc03580 JavaThread "C2 CompilerThread1" daemon [_thread_in_native, id=8932, stack(0x000000da0c000000,0x000000da0c100000)]
  0x000002a8be0b6a80 JavaThread "Unconstrained build operations Thread 14" [_thread_blocked, id=10116, stack(0x000000da0c100000,0x000000da0c200000)]
  0x000002a8bf78c730 JavaThread "Unconstrained build operations Thread 15" [_thread_blocked, id=6436, stack(0x000000da0c300000,0x000000da0c400000)]
  0x000002a8bf78a8d0 JavaThread "Unconstrained build operations Thread 16" [_thread_blocked, id=6732, stack(0x000000da0c400000,0x000000da0c500000)]
  0x000002a8bf787b40 JavaThread "Unconstrained build operations Thread 17" [_thread_blocked, id=5436, stack(0x000000da0c500000,0x000000da0c600000)]
  0x000002a8bf788a70 JavaThread "Unconstrained build operations Thread 18" [_thread_blocked, id=6208, stack(0x000000da0c600000,0x000000da0c700000)]
  0x000002a8bf788f80 JavaThread "Unconstrained build operations Thread 19" [_thread_blocked, id=12688, stack(0x000000da0c700000,0x000000da0c800000)]
  0x000002a8bf78ade0 JavaThread "Unconstrained build operations Thread 20" [_thread_blocked, id=6556, stack(0x000000da0c800000,0x000000da0c900000)]
  0x000002a8bf78c220 JavaThread "pool-3-thread-1" [_thread_blocked, id=8592, stack(0x000000da0c900000,0x000000da0ca00000)]
  0x000002a8bf789490 JavaThread "build event listener" [_thread_blocked, id=10392, stack(0x000000da0ca00000,0x000000da0cb00000)]
  0x000002a8bf789eb0 JavaThread "Unconstrained build operations Thread 21" [_thread_blocked, id=6960, stack(0x000000da0cb00000,0x000000da0cc00000)]
  0x000002a8bf786700 JavaThread "Unconstrained build operations Thread 22" [_thread_blocked, id=11500, stack(0x000000da0cc00000,0x000000da0cd00000)]
  0x000002a8bf78d150 JavaThread "Unconstrained build operations Thread 23" [_thread_blocked, id=7328, stack(0x000000da0cd00000,0x000000da0ce00000)]
  0x000002a8bf7861f0 JavaThread "Unconstrained build operations Thread 24" [_thread_blocked, id=4936, stack(0x000000da0ce00000,0x000000da0cf00000)]
  0x000002a8bf786c10 JavaThread "Unconstrained build operations Thread 25" [_thread_blocked, id=2664, stack(0x000000da0cf00000,0x000000da0d000000)]
  0x000002a8bf787120 JavaThread "Unconstrained build operations Thread 26" [_thread_blocked, id=4588, stack(0x000000da0d000000,0x000000da0d100000)]
  0x000002a8baff9b30 JavaThread "Unconstrained build operations Thread 27" [_thread_blocked, id=11752, stack(0x000000da0d100000,0x000000da0d200000)]
  0x000002a8c0ecbf90 JavaThread "Unconstrained build operations Thread 28" [_thread_blocked, id=2584, stack(0x000000da0d200000,0x000000da0d300000)]
  0x000002a8c0ed1ab0 JavaThread "Unconstrained build operations Thread 29" [_thread_blocked, id=7144, stack(0x000000da0d300000,0x000000da0d400000)]
  0x000002a8c0ece300 JavaThread "Unconstrained build operations Thread 30" [_thread_blocked, id=2956, stack(0x000000da0d400000,0x000000da0d500000)]
  0x000002a8c0ed15a0 JavaThread "Unconstrained build operations Thread 31" [_thread_blocked, id=416, stack(0x000000da0d500000,0x000000da0d600000)]
  0x000002a8c0ecf740 JavaThread "Unconstrained build operations Thread 32" [_thread_blocked, id=7336, stack(0x000000da0d600000,0x000000da0d700000)]
  0x000002a8c0ece810 JavaThread "Unconstrained build operations Thread 33" [_thread_blocked, id=1892, stack(0x000000da0d700000,0x000000da0d800000)]
  0x000002a8c0ecb570 JavaThread "Unconstrained build operations Thread 34" [_thread_blocked, id=1904, stack(0x000000da0d800000,0x000000da0d900000)]
  0x000002a8c0eced20 JavaThread "Unconstrained build operations Thread 35" [_thread_blocked, id=9568, stack(0x000000da0d900000,0x000000da0da00000)]
  0x000002a8c0ecf230 JavaThread "Unconstrained build operations Thread 36" [_thread_blocked, id=6828, stack(0x000000da0da00000,0x000000da0db00000)]
  0x000002a8c0ecfc50 JavaThread "Unconstrained build operations Thread 37" [_thread_blocked, id=6252, stack(0x000000da0db00000,0x000000da0dc00000)]
  0x000002a8c0ed0160 JavaThread "Unconstrained build operations Thread 38" [_thread_blocked, id=6292, stack(0x000000da0dc00000,0x000000da0dd00000)]
  0x000002a8c0ecc4a0 JavaThread "Unconstrained build operations Thread 39" [_thread_blocked, id=8432, stack(0x000000da0dd00000,0x000000da0de00000)]
  0x000002a8c0eca640 JavaThread "Unconstrained build operations Thread 40" [_thread_blocked, id=12856, stack(0x000000da0de00000,0x000000da0df00000)]
  0x000002a8c0ecba80 JavaThread "Cache worker for execution history cache (E:\Socail App\SocialApp\android\.gradle\8.3\executionHistory)" [_thread_blocked, id=5484, stack(0x000000da0df00000,0x000000da0e000000)]

Other Threads:
  0x000002a8feddb510 VMThread "VM Thread" [stack: 0x000000da07a00000,0x000000da07b00000] [id=5724]
  0x000002a89ac77160 WatcherThread [stack: 0x000000da08600000,0x000000da08700000] [id=13164]
  0x000002a8fbcdeed0 GCTaskThread "GC Thread#0" [stack: 0x000000da07500000,0x000000da07600000] [id=12268]
  0x000002a8ba07ff10 GCTaskThread "GC Thread#1" [stack: 0x000000da08800000,0x000000da08900000] [id=5784]
  0x000002a89adbf990 GCTaskThread "GC Thread#2" [stack: 0x000000da08900000,0x000000da08a00000] [id=7468]
  0x000002a8bab05f00 GCTaskThread "GC Thread#3" [stack: 0x000000da08a00000,0x000000da08b00000] [id=7620]
  0x000002a8fbcefd30 ConcurrentGCThread "G1 Main Marker" [stack: 0x000000da07600000,0x000000da07700000] [id=1780]
  0x000002a8fbcf0df0 ConcurrentGCThread "G1 Conc#0" [stack: 0x000000da07700000,0x000000da07800000] [id=5948]
  0x000002a8fbd34cf0 ConcurrentGCThread "G1 Refine#0" [stack: 0x000000da07800000,0x000000da07900000] [id=6640]
  0x000002a8bc27b640 ConcurrentGCThread "G1 Refine#1" [stack: 0x000000da09e00000,0x000000da09f00000] [id=12552]
  0x000002a8bc27c200 ConcurrentGCThread "G1 Refine#2" [stack: 0x000000da09f00000,0x000000da0a000000] [id=1340]
  0x000002a8c038fa60 ConcurrentGCThread "G1 Refine#3" [stack: 0x000000da0c200000,0x000000da0c300000] [id=9964]
  0x000002a8fbd35c40 ConcurrentGCThread "G1 Service" [stack: 0x000000da07900000,0x000000da07a00000] [id=9976]

Threads with active compile tasks:
C2 CompilerThread0    54769 16279       4       org.gradle.cache.internal.ExclusiveCacheAccessingWorker$1::call (10 bytes)
C2 CompilerThread1    54769 16274   !   4       org.gradle.cache.internal.DefaultMultiProcessSafeIndexedCache::getIfPresent (25 bytes)

VM state: not at safepoint (normal execution)

VM Mutex/Monitor currently owned by a thread: None

Heap address: 0x0000000080000000, size: 2048 MB, Compressed Oops mode: 32-bit

CDS archive(s) mapped at: [0x000002a89b000000-0x000002a89bbd0000-0x000002a89bbd0000), size 12386304, SharedBaseAddress: 0x000002a89b000000, ArchiveRelocationMode: 1.
Compressed class space mapped at: 0x000002a89c000000-0x000002a8b6000000, reserved size: 436207616
Narrow klass base: 0x000002a89b000000, Narrow klass shift: 0, Narrow klass range: 0x100000000

GC Precious Log:
 CPUs: 4 total, 4 available
 Memory: 8089M
 Large Page Support: Disabled
 NUMA Support: Disabled
 Compressed Oops: Enabled (32-bit)
 Heap Region Size: 1M
 Heap Min Capacity: 8M
 Heap Initial Capacity: 128M
 Heap Max Capacity: 2G
 Pre-touch: Disabled
 Parallel Workers: 4
 Concurrent Workers: 1
 Concurrent Refinement Workers: 4
 Periodic GC: Disabled

Heap:
 garbage-first heap   total 275456K, used 191988K [0x0000000080000000, 0x0000000100000000)
  region size 1024K, 24 young (24576K), 8 survivors (8192K)
 Metaspace       used 103846K, committed 105024K, reserved 557056K
  class space    used 14274K, committed 14784K, reserved 425984K

Heap Regions: E=young(eden), S=young(survivor), O=old, HS=humongous(starts), HC=humongous(continues), CS=collection set, F=free, OA=open archive, CA=closed archive, TAMS=top-at-mark-start (previous, next)
|   0|0x0000000080000000, 0x0000000080100000, 0x0000000080100000|100%| O|  |TAMS 0x0000000080100000, 0x0000000080000000| Untracked 
|   1|0x0000000080100000, 0x0000000080200000, 0x0000000080200000|100%| O|  |TAMS 0x0000000080200000, 0x0000000080100000| Untracked 
|   2|0x0000000080200000, 0x0000000080300000, 0x0000000080300000|100%|HS|  |TAMS 0x0000000080300000, 0x0000000080200000| Complete 
|   3|0x0000000080300000, 0x0000000080400000, 0x0000000080400000|100%|HC|  |TAMS 0x0000000080400000, 0x0000000080300000| Complete 
|   4|0x0000000080400000, 0x0000000080500000, 0x0000000080500000|100%|HC|  |TAMS 0x0000000080500000, 0x0000000080400000| Complete 
|   5|0x0000000080500000, 0x0000000080600000, 0x0000000080600000|100%|HC|  |TAMS 0x0000000080600000, 0x0000000080500000| Complete 
|   6|0x0000000080600000, 0x0000000080700000, 0x0000000080700000|100%| O|  |TAMS 0x0000000080700000, 0x0000000080600000| Untracked 
|   7|0x0000000080700000, 0x0000000080800000, 0x0000000080800000|100%| O|  |TAMS 0x0000000080800000, 0x0000000080700000| Untracked 
|   8|0x0000000080800000, 0x0000000080900000, 0x0000000080900000|100%| O|  |TAMS 0x0000000080900000, 0x0000000080800000| Untracked 
|   9|0x0000000080900000, 0x0000000080a00000, 0x0000000080a00000|100%| O|  |TAMS 0x0000000080a00000, 0x0000000080900000| Untracked 
|  10|0x0000000080a00000, 0x0000000080b00000, 0x0000000080b00000|100%| O|  |TAMS 0x0000000080b00000, 0x0000000080a00000| Untracked 
|  11|0x0000000080b00000, 0x0000000080c00000, 0x0000000080c00000|100%| O|  |TAMS 0x0000000080c00000, 0x0000000080b00000| Untracked 
|  12|0x0000000080c00000, 0x0000000080d00000, 0x0000000080d00000|100%| O|  |TAMS 0x0000000080d00000, 0x0000000080c00000| Untracked 
|  13|0x0000000080d00000, 0x0000000080e00000, 0x0000000080e00000|100%| O|  |TAMS 0x0000000080e00000, 0x0000000080d00000| Untracked 
|  14|0x0000000080e00000, 0x0000000080f00000, 0x0000000080f00000|100%| O|  |TAMS 0x0000000080f00000, 0x0000000080e00000| Untracked 
|  15|0x0000000080f00000, 0x0000000081000000, 0x0000000081000000|100%| O|  |TAMS 0x0000000081000000, 0x0000000080f00000| Untracked 
|  16|0x0000000081000000, 0x0000000081100000, 0x0000000081100000|100%| O|  |TAMS 0x0000000081100000, 0x0000000081000000| Untracked 
|  17|0x0000000081100000, 0x0000000081200000, 0x0000000081200000|100%| O|  |TAMS 0x0000000081200000, 0x0000000081100000| Untracked 
|  18|0x0000000081200000, 0x0000000081300000, 0x0000000081300000|100%| O|  |TAMS 0x0000000081300000, 0x0000000081200000| Untracked 
|  19|0x0000000081300000, 0x0000000081400000, 0x0000000081400000|100%| O|  |TAMS 0x0000000081400000, 0x0000000081300000| Untracked 
|  20|0x0000000081400000, 0x0000000081500000, 0x0000000081500000|100%| O|  |TAMS 0x0000000081500000, 0x0000000081400000| Untracked 
|  21|0x0000000081500000, 0x0000000081600000, 0x0000000081600000|100%| O|  |TAMS 0x0000000081600000, 0x0000000081500000| Untracked 
|  22|0x0000000081600000, 0x0000000081700000, 0x0000000081700000|100%| O|  |TAMS 0x0000000081700000, 0x0000000081600000| Untracked 
|  23|0x0000000081700000, 0x0000000081800000, 0x0000000081800000|100%| O|  |TAMS 0x0000000081800000, 0x0000000081700000| Untracked 
|  24|0x0000000081800000, 0x0000000081900000, 0x0000000081900000|100%| O|  |TAMS 0x0000000081900000, 0x0000000081800000| Untracked 
|  25|0x0000000081900000, 0x0000000081a00000, 0x0000000081a00000|100%| O|  |TAMS 0x0000000081a00000, 0x0000000081900000| Untracked 
|  26|0x0000000081a00000, 0x0000000081b00000, 0x0000000081b00000|100%| O|  |TAMS 0x0000000081b00000, 0x0000000081a00000| Untracked 
|  27|0x0000000081b00000, 0x0000000081c00000, 0x0000000081c00000|100%| O|  |TAMS 0x0000000081c00000, 0x0000000081b00000| Untracked 
|  28|0x0000000081c00000, 0x0000000081d00000, 0x0000000081d00000|100%| O|  |TAMS 0x0000000081d00000, 0x0000000081c00000| Untracked 
|  29|0x0000000081d00000, 0x0000000081e00000, 0x0000000081e00000|100%| O|  |TAMS 0x0000000081e00000, 0x0000000081d00000| Untracked 
|  30|0x0000000081e00000, 0x0000000081f00000, 0x0000000081f00000|100%|HS|  |TAMS 0x0000000081f00000, 0x0000000081e00000| Complete 
|  31|0x0000000081f00000, 0x0000000082000000, 0x0000000082000000|100%|HC|  |TAMS 0x0000000082000000, 0x0000000081f00000| Complete 
|  32|0x0000000082000000, 0x0000000082100000, 0x0000000082100000|100%|HS|  |TAMS 0x0000000082100000, 0x0000000082000000| Complete 
|  33|0x0000000082100000, 0x0000000082200000, 0x0000000082200000|100%|HC|  |TAMS 0x0000000082200000, 0x0000000082100000| Complete 
|  34|0x0000000082200000, 0x0000000082300000, 0x0000000082300000|100%| O|  |TAMS 0x0000000082300000, 0x0000000082200000| Untracked 
|  35|0x0000000082300000, 0x0000000082400000, 0x0000000082400000|100%| O|  |TAMS 0x0000000082400000, 0x0000000082300000| Untracked 
|  36|0x0000000082400000, 0x0000000082500000, 0x0000000082500000|100%| O|  |TAMS 0x0000000082500000, 0x0000000082400000| Untracked 
|  37|0x0000000082500000, 0x0000000082600000, 0x0000000082600000|100%| O|  |TAMS 0x0000000082600000, 0x0000000082500000| Untracked 
|  38|0x0000000082600000, 0x0000000082700000, 0x0000000082700000|100%| O|  |TAMS 0x0000000082700000, 0x0000000082600000| Untracked 
|  39|0x0000000082700000, 0x0000000082800000, 0x0000000082800000|100%|HS|  |TAMS 0x0000000082800000, 0x0000000082700000| Complete 
|  40|0x0000000082800000, 0x0000000082900000, 0x0000000082900000|100%|HC|  |TAMS 0x0000000082900000, 0x0000000082800000| Complete 
|  41|0x0000000082900000, 0x0000000082a00000, 0x0000000082a00000|100%|HC|  |TAMS 0x0000000082a00000, 0x0000000082900000| Complete 
|  42|0x0000000082a00000, 0x0000000082b00000, 0x0000000082b00000|100%|HC|  |TAMS 0x0000000082b00000, 0x0000000082a00000| Complete 
|  43|0x0000000082b00000, 0x0000000082c00000, 0x0000000082c00000|100%| O|  |TAMS 0x0000000082c00000, 0x0000000082b00000| Untracked 
|  44|0x0000000082c00000, 0x0000000082d00000, 0x0000000082d00000|100%| O|  |TAMS 0x0000000082d00000, 0x0000000082c00000| Untracked 
|  45|0x0000000082d00000, 0x0000000082e00000, 0x0000000082e00000|100%| O|  |TAMS 0x0000000082e00000, 0x0000000082d00000| Untracked 
|  46|0x0000000082e00000, 0x0000000082f00000, 0x0000000082f00000|100%| O|  |TAMS 0x0000000082f00000, 0x0000000082e00000| Untracked 
|  47|0x0000000082f00000, 0x0000000083000000, 0x0000000083000000|100%| O|  |TAMS 0x0000000083000000, 0x0000000082f00000| Untracked 
|  48|0x0000000083000000, 0x0000000083100000, 0x0000000083100000|100%| O|  |TAMS 0x0000000083100000, 0x0000000083000000| Untracked 
|  49|0x0000000083100000, 0x0000000083200000, 0x0000000083200000|100%| O|  |TAMS 0x0000000083200000, 0x0000000083100000| Untracked 
|  50|0x0000000083200000, 0x0000000083300000, 0x0000000083300000|100%| O|  |TAMS 0x0000000083300000, 0x0000000083200000| Untracked 
|  51|0x0000000083300000, 0x0000000083400000, 0x0000000083400000|100%|HS|  |TAMS 0x0000000083400000, 0x0000000083300000| Complete 
|  52|0x0000000083400000, 0x0000000083500000, 0x0000000083500000|100%|HC|  |TAMS 0x0000000083500000, 0x0000000083400000| Complete 
|  53|0x0000000083500000, 0x0000000083600000, 0x0000000083600000|100%|HC|  |TAMS 0x0000000083600000, 0x0000000083500000| Complete 
|  54|0x0000000083600000, 0x0000000083700000, 0x0000000083700000|100%|HC|  |TAMS 0x0000000083700000, 0x0000000083600000| Complete 
|  55|0x0000000083700000, 0x0000000083800000, 0x0000000083800000|100%| O|  |TAMS 0x0000000083800000, 0x0000000083700000| Untracked 
|  56|0x0000000083800000, 0x0000000083900000, 0x0000000083900000|100%| O|  |TAMS 0x0000000083900000, 0x0000000083800000| Untracked 
|  57|0x0000000083900000, 0x0000000083a00000, 0x0000000083a00000|100%| O|  |TAMS 0x0000000083a00000, 0x0000000083900000| Untracked 
|  58|0x0000000083a00000, 0x0000000083b00000, 0x0000000083b00000|100%| O|  |TAMS 0x0000000083b00000, 0x0000000083a00000| Untracked 
|  59|0x0000000083b00000, 0x0000000083c00000, 0x0000000083c00000|100%| O|  |TAMS 0x0000000083c00000, 0x0000000083b00000| Untracked 
|  60|0x0000000083c00000, 0x0000000083d00000, 0x0000000083d00000|100%| O|  |TAMS 0x0000000083d00000, 0x0000000083c00000| Untracked 
|  61|0x0000000083d00000, 0x0000000083e00000, 0x0000000083e00000|100%| O|  |TAMS 0x0000000083e00000, 0x0000000083d00000| Untracked 
|  62|0x0000000083e00000, 0x0000000083f00000, 0x0000000083f00000|100%| O|  |TAMS 0x0000000083f00000, 0x0000000083e00000| Untracked 
|  63|0x0000000083f00000, 0x0000000084000000, 0x0000000084000000|100%|HS|  |TAMS 0x0000000084000000, 0x0000000083f00000| Complete 
|  64|0x0000000084000000, 0x0000000084100000, 0x0000000084100000|100%|HS|  |TAMS 0x0000000084100000, 0x0000000084000000| Complete 
|  65|0x0000000084100000, 0x0000000084200000, 0x0000000084200000|100%|HS|  |TAMS 0x0000000084200000, 0x0000000084100000| Complete 
|  66|0x0000000084200000, 0x0000000084300000, 0x0000000084300000|100%| O|  |TAMS 0x0000000084300000, 0x0000000084200000| Untracked 
|  67|0x0000000084300000, 0x0000000084400000, 0x0000000084400000|100%| O|  |TAMS 0x0000000084300000, 0x0000000084300000| Untracked 
|  68|0x0000000084400000, 0x0000000084500000, 0x0000000084500000|100%| O|  |TAMS 0x0000000084500000, 0x0000000084400000| Untracked 
|  69|0x0000000084500000, 0x0000000084600000, 0x0000000084600000|100%| O|  |TAMS 0x0000000084600000, 0x0000000084500000| Untracked 
|  70|0x0000000084600000, 0x0000000084700000, 0x0000000084700000|100%| O|  |TAMS 0x0000000084700000, 0x0000000084600000| Untracked 
|  71|0x0000000084700000, 0x0000000084800000, 0x0000000084800000|100%|HS|  |TAMS 0x0000000084800000, 0x0000000084700000| Complete 
|  72|0x0000000084800000, 0x0000000084900000, 0x0000000084900000|100%| O|  |TAMS 0x0000000084900000, 0x0000000084800000| Untracked 
|  73|0x0000000084900000, 0x0000000084a00000, 0x0000000084a00000|100%| O|  |TAMS 0x0000000084a00000, 0x0000000084900000| Untracked 
|  74|0x0000000084a00000, 0x0000000084b00000, 0x0000000084b00000|100%| O|  |TAMS 0x0000000084b00000, 0x0000000084a00000| Untracked 
|  75|0x0000000084b00000, 0x0000000084c00000, 0x0000000084c00000|100%| O|  |TAMS 0x0000000084c00000, 0x0000000084b00000| Untracked 
|  76|0x0000000084c00000, 0x0000000084d00000, 0x0000000084d00000|100%| O|  |TAMS 0x0000000084c00000, 0x0000000084c00000| Untracked 
|  77|0x0000000084d00000, 0x0000000084e00000, 0x0000000084e00000|100%| O|  |TAMS 0x0000000084e00000, 0x0000000084d00000| Untracked 
|  78|0x0000000084e00000, 0x0000000084f00000, 0x0000000084f00000|100%| O|  |TAMS 0x0000000084f00000, 0x0000000084e00000| Untracked 
|  79|0x0000000084f00000, 0x0000000085000000, 0x0000000085000000|100%| O|  |TAMS 0x0000000085000000, 0x0000000084f00000| Untracked 
|  80|0x0000000085000000, 0x0000000085100000, 0x0000000085100000|100%| O|  |TAMS 0x0000000085100000, 0x0000000085000000| Untracked 
|  81|0x0000000085100000, 0x0000000085200000, 0x0000000085200000|100%| O|  |TAMS 0x0000000085200000, 0x0000000085100000| Untracked 
|  82|0x0000000085200000, 0x0000000085300000, 0x0000000085300000|100%| O|  |TAMS 0x0000000085300000, 0x0000000085200000| Untracked 
|  83|0x0000000085300000, 0x0000000085400000, 0x0000000085400000|100%| O|  |TAMS 0x0000000085400000, 0x0000000085300000| Untracked 
|  84|0x0000000085400000, 0x0000000085500000, 0x0000000085500000|100%| O|  |TAMS 0x0000000085500000, 0x0000000085400000| Untracked 
|  85|0x0000000085500000, 0x0000000085600000, 0x0000000085600000|100%| O|  |TAMS 0x0000000085516000, 0x0000000085500000| Untracked 
|  86|0x0000000085600000, 0x0000000085700000, 0x0000000085700000|100%| O|  |TAMS 0x0000000085600000, 0x0000000085600000| Untracked 
|  87|0x0000000085700000, 0x0000000085800000, 0x0000000085800000|100%| O|  |TAMS 0x0000000085700000, 0x0000000085700000| Untracked 
|  88|0x0000000085800000, 0x0000000085900000, 0x0000000085900000|100%| O|  |TAMS 0x0000000085800000, 0x0000000085800000| Untracked 
|  89|0x0000000085900000, 0x0000000085a00000, 0x0000000085a00000|100%| O|  |TAMS 0x0000000085900000, 0x0000000085900000| Untracked 
|  90|0x0000000085a00000, 0x0000000085b00000, 0x0000000085b00000|100%| O|  |TAMS 0x0000000085a00000, 0x0000000085a00000| Untracked 
|  91|0x0000000085b00000, 0x0000000085c00000, 0x0000000085c00000|100%| O|  |TAMS 0x0000000085b00000, 0x0000000085b00000| Untracked 
|  92|0x0000000085c00000, 0x0000000085d00000, 0x0000000085d00000|100%| O|  |TAMS 0x0000000085c00000, 0x0000000085c00000| Untracked 
|  93|0x0000000085d00000, 0x0000000085e00000, 0x0000000085e00000|100%| O|  |TAMS 0x0000000085d00000, 0x0000000085d00000| Untracked 
|  94|0x0000000085e00000, 0x0000000085f00000, 0x0000000085f00000|100%| O|  |TAMS 0x0000000085e00000, 0x0000000085e00000| Untracked 
|  95|0x0000000085f00000, 0x0000000086000000, 0x0000000086000000|100%|HS|  |TAMS 0x0000000085f00000, 0x0000000085f00000| Complete 
|  96|0x0000000086000000, 0x0000000086100000, 0x0000000086100000|100%|HS|  |TAMS 0x0000000086000000, 0x0000000086000000| Complete 
|  97|0x0000000086100000, 0x0000000086200000, 0x0000000086200000|100%| O|  |TAMS 0x0000000086100000, 0x0000000086100000| Untracked 
|  98|0x0000000086200000, 0x0000000086300000, 0x0000000086300000|100%|HS|  |TAMS 0x0000000086200000, 0x0000000086200000| Complete 
|  99|0x0000000086300000, 0x0000000086400000, 0x0000000086400000|100%|HC|  |TAMS 0x0000000086300000, 0x0000000086300000| Complete 
| 100|0x0000000086400000, 0x0000000086500000, 0x0000000086500000|100%|HS|  |TAMS 0x0000000086400000, 0x0000000086400000| Complete 
| 101|0x0000000086500000, 0x0000000086600000, 0x0000000086600000|100%| O|  |TAMS 0x0000000086500000, 0x0000000086500000| Untracked 
| 102|0x0000000086600000, 0x0000000086700000, 0x0000000086700000|100%| O|  |TAMS 0x0000000086600000, 0x0000000086600000| Untracked 
| 103|0x0000000086700000, 0x0000000086800000, 0x0000000086800000|100%| O|  |TAMS 0x0000000086700000, 0x0000000086700000| Untracked 
| 104|0x0000000086800000, 0x0000000086900000, 0x0000000086900000|100%| O|  |TAMS 0x0000000086800000, 0x0000000086800000| Untracked 
| 105|0x0000000086900000, 0x0000000086a00000, 0x0000000086a00000|100%| O|  |TAMS 0x0000000086900000, 0x0000000086900000| Untracked 
| 106|0x0000000086a00000, 0x0000000086b00000, 0x0000000086b00000|100%| O|  |TAMS 0x0000000086a00000, 0x0000000086a00000| Untracked 
| 107|0x0000000086b00000, 0x0000000086c00000, 0x0000000086c00000|100%| O|  |TAMS 0x0000000086b00000, 0x0000000086b00000| Untracked 
| 108|0x0000000086c00000, 0x0000000086d00000, 0x0000000086d00000|100%| O|  |TAMS 0x0000000086c00000, 0x0000000086c00000| Untracked 
| 109|0x0000000086d00000, 0x0000000086e00000, 0x0000000086e00000|100%| O|  |TAMS 0x0000000086d00000, 0x0000000086d00000| Untracked 
| 110|0x0000000086e00000, 0x0000000086f00000, 0x0000000086f00000|100%| O|  |TAMS 0x0000000086e00000, 0x0000000086e00000| Untracked 
| 111|0x0000000086f00000, 0x0000000087000000, 0x0000000087000000|100%| O|  |TAMS 0x0000000086f00000, 0x0000000086f00000| Untracked 
| 112|0x0000000087000000, 0x0000000087100000, 0x0000000087100000|100%| O|  |TAMS 0x0000000087000000, 0x0000000087000000| Untracked 
| 113|0x0000000087100000, 0x0000000087200000, 0x0000000087200000|100%| O|  |TAMS 0x0000000087100000, 0x0000000087100000| Untracked 
| 114|0x0000000087200000, 0x0000000087300000, 0x0000000087300000|100%| O|  |TAMS 0x0000000087200000, 0x0000000087200000| Untracked 
| 115|0x0000000087300000, 0x0000000087400000, 0x0000000087400000|100%| O|  |TAMS 0x0000000087300000, 0x0000000087300000| Untracked 
| 116|0x0000000087400000, 0x0000000087500000, 0x0000000087500000|100%| O|  |TAMS 0x0000000087400000, 0x0000000087400000| Untracked 
| 117|0x0000000087500000, 0x0000000087600000, 0x0000000087600000|100%| O|  |TAMS 0x0000000087500000, 0x0000000087500000| Untracked 
| 118|0x0000000087600000, 0x0000000087700000, 0x0000000087700000|100%| O|  |TAMS 0x0000000087600000, 0x0000000087600000| Untracked 
| 119|0x0000000087700000, 0x0000000087800000, 0x0000000087800000|100%| O|  |TAMS 0x0000000087700000, 0x0000000087700000| Untracked 
| 120|0x0000000087800000, 0x0000000087900000, 0x0000000087900000|100%| O|  |TAMS 0x0000000087800000, 0x0000000087800000| Untracked 
| 121|0x0000000087900000, 0x0000000087a00000, 0x0000000087a00000|100%| O|  |TAMS 0x0000000087900000, 0x0000000087900000| Untracked 
| 122|0x0000000087a00000, 0x0000000087b00000, 0x0000000087b00000|100%| O|  |TAMS 0x0000000087a00000, 0x0000000087a00000| Untracked 
| 123|0x0000000087b00000, 0x0000000087c00000, 0x0000000087c00000|100%| O|  |TAMS 0x0000000087b00000, 0x0000000087b00000| Untracked 
| 124|0x0000000087c00000, 0x0000000087d00000, 0x0000000087d00000|100%| O|  |TAMS 0x0000000087c00000, 0x0000000087c00000| Untracked 
| 125|0x0000000087d00000, 0x0000000087e00000, 0x0000000087e00000|100%| O|  |TAMS 0x0000000087d00000, 0x0000000087d00000| Untracked 
| 126|0x0000000087e00000, 0x0000000087f00000, 0x0000000087f00000|100%| O|  |TAMS 0x0000000087e00000, 0x0000000087e00000| Untracked 
| 127|0x0000000087f00000, 0x0000000088000000, 0x0000000088000000|100%| O|  |TAMS 0x0000000087f00000, 0x0000000087f00000| Untracked 
| 128|0x0000000088000000, 0x0000000088100000, 0x0000000088100000|100%| O|  |TAMS 0x0000000088000000, 0x0000000088000000| Untracked 
| 129|0x0000000088100000, 0x0000000088200000, 0x0000000088200000|100%| O|  |TAMS 0x0000000088100000, 0x0000000088100000| Untracked 
| 130|0x0000000088200000, 0x0000000088300000, 0x0000000088300000|100%| O|  |TAMS 0x0000000088200000, 0x0000000088200000| Untracked 
| 131|0x0000000088300000, 0x0000000088400000, 0x0000000088400000|100%| O|  |TAMS 0x0000000088300000, 0x0000000088300000| Untracked 
| 132|0x0000000088400000, 0x0000000088500000, 0x0000000088500000|100%| O|  |TAMS 0x0000000088400000, 0x0000000088400000| Untracked 
| 133|0x0000000088500000, 0x0000000088600000, 0x0000000088600000|100%| O|  |TAMS 0x0000000088500000, 0x0000000088500000| Untracked 
| 134|0x0000000088600000, 0x0000000088700000, 0x0000000088700000|100%| O|  |TAMS 0x0000000088600000, 0x0000000088600000| Untracked 
| 135|0x0000000088700000, 0x0000000088800000, 0x0000000088800000|100%| O|  |TAMS 0x0000000088700000, 0x0000000088700000| Untracked 
| 136|0x0000000088800000, 0x0000000088900000, 0x0000000088900000|100%| O|  |TAMS 0x0000000088800000, 0x0000000088800000| Untracked 
| 137|0x0000000088900000, 0x0000000088a00000, 0x0000000088a00000|100%| O|  |TAMS 0x0000000088900000, 0x0000000088900000| Untracked 
| 138|0x0000000088a00000, 0x0000000088b00000, 0x0000000088b00000|100%| O|  |TAMS 0x0000000088a00000, 0x0000000088a00000| Untracked 
| 139|0x0000000088b00000, 0x0000000088c00000, 0x0000000088c00000|100%| O|  |TAMS 0x0000000088b00000, 0x0000000088b00000| Untracked 
| 140|0x0000000088c00000, 0x0000000088d00000, 0x0000000088d00000|100%| O|  |TAMS 0x0000000088c00000, 0x0000000088c00000| Untracked 
| 141|0x0000000088d00000, 0x0000000088e00000, 0x0000000088e00000|100%| O|  |TAMS 0x0000000088d00000, 0x0000000088d00000| Untracked 
| 142|0x0000000088e00000, 0x0000000088f00000, 0x0000000088f00000|100%| O|  |TAMS 0x0000000088e00000, 0x0000000088e00000| Untracked 
| 143|0x0000000088f00000, 0x0000000089000000, 0x0000000089000000|100%| O|  |TAMS 0x0000000088f00000, 0x0000000088f00000| Untracked 
| 144|0x0000000089000000, 0x0000000089100000, 0x0000000089100000|100%| O|  |TAMS 0x0000000089000000, 0x0000000089000000| Untracked 
| 145|0x0000000089100000, 0x0000000089200000, 0x0000000089200000|100%| O|  |TAMS 0x0000000089100000, 0x0000000089100000| Untracked 
| 146|0x0000000089200000, 0x0000000089300000, 0x0000000089300000|100%| O|  |TAMS 0x0000000089200000, 0x0000000089200000| Untracked 
| 147|0x0000000089300000, 0x0000000089400000, 0x0000000089400000|100%| O|  |TAMS 0x0000000089300000, 0x0000000089300000| Untracked 
| 148|0x0000000089400000, 0x0000000089500000, 0x0000000089500000|100%| O|  |TAMS 0x0000000089400000, 0x0000000089400000| Untracked 
| 149|0x0000000089500000, 0x0000000089600000, 0x0000000089600000|100%| O|  |TAMS 0x0000000089500000, 0x0000000089500000| Untracked 
| 150|0x0000000089600000, 0x0000000089700000, 0x0000000089700000|100%| O|  |TAMS 0x0000000089600000, 0x0000000089600000| Untracked 
| 151|0x0000000089700000, 0x0000000089800000, 0x0000000089800000|100%| O|  |TAMS 0x0000000089700000, 0x0000000089700000| Untracked 
| 152|0x0000000089800000, 0x0000000089900000, 0x0000000089900000|100%| O|  |TAMS 0x0000000089800000, 0x0000000089800000| Untracked 
| 153|0x0000000089900000, 0x0000000089a00000, 0x0000000089a00000|100%| O|  |TAMS 0x0000000089900000, 0x0000000089900000| Untracked 
| 154|0x0000000089a00000, 0x0000000089b00000, 0x0000000089b00000|100%| O|  |TAMS 0x0000000089a00000, 0x0000000089a00000| Untracked 
| 155|0x0000000089b00000, 0x0000000089c00000, 0x0000000089c00000|100%| O|  |TAMS 0x0000000089b00000, 0x0000000089b00000| Untracked 
| 156|0x0000000089c00000, 0x0000000089d00000, 0x0000000089d00000|100%| O|  |TAMS 0x0000000089c00000, 0x0000000089c00000| Untracked 
| 157|0x0000000089d00000, 0x0000000089e00000, 0x0000000089e00000|100%| O|  |TAMS 0x0000000089d00000, 0x0000000089d00000| Untracked 
| 158|0x0000000089e00000, 0x0000000089f00000, 0x0000000089f00000|100%| O|  |TAMS 0x0000000089e00000, 0x0000000089e00000| Untracked 
| 159|0x0000000089f00000, 0x000000008a000000, 0x000000008a000000|100%| O|  |TAMS 0x0000000089f00000, 0x0000000089f00000| Untracked 
| 160|0x000000008a000000, 0x000000008a100000, 0x000000008a100000|100%| O|  |TAMS 0x000000008a000000, 0x000000008a000000| Untracked 
| 161|0x000000008a100000, 0x000000008a200000, 0x000000008a200000|100%| O|  |TAMS 0x000000008a100000, 0x000000008a100000| Untracked 
| 162|0x000000008a200000, 0x000000008a300000, 0x000000008a300000|100%| O|  |TAMS 0x000000008a200000, 0x000000008a200000| Untracked 
| 163|0x000000008a300000, 0x000000008a400000, 0x000000008a400000|100%| O|  |TAMS 0x000000008a300000, 0x000000008a300000| Untracked 
| 164|0x000000008a400000, 0x000000008a500000, 0x000000008a500000|100%| O|  |TAMS 0x000000008a400000, 0x000000008a400000| Untracked 
| 165|0x000000008a500000, 0x000000008a553800, 0x000000008a600000| 32%| O|  |TAMS 0x000000008a500000, 0x000000008a500000| Untracked 
| 166|0x000000008a600000, 0x000000008a600000, 0x000000008a700000|  0%| F|  |TAMS 0x000000008a600000, 0x000000008a600000| Untracked 
| 167|0x000000008a700000, 0x000000008a700000, 0x000000008a800000|  0%| F|  |TAMS 0x000000008a700000, 0x000000008a700000| Untracked 
| 168|0x000000008a800000, 0x000000008a800000, 0x000000008a900000|  0%| F|  |TAMS 0x000000008a800000, 0x000000008a800000| Untracked 
| 169|0x000000008a900000, 0x000000008a900000, 0x000000008aa00000|  0%| F|  |TAMS 0x000000008a900000, 0x000000008a900000| Untracked 
| 170|0x000000008aa00000, 0x000000008aa00000, 0x000000008ab00000|  0%| F|  |TAMS 0x000000008aa00000, 0x000000008aa00000| Untracked 
| 171|0x000000008ab00000, 0x000000008ab00000, 0x000000008ac00000|  0%| F|  |TAMS 0x000000008ab00000, 0x000000008ab00000| Untracked 
| 172|0x000000008ac00000, 0x000000008ac00000, 0x000000008ad00000|  0%| F|  |TAMS 0x000000008ac00000, 0x000000008ac00000| Untracked 
| 173|0x000000008ad00000, 0x000000008ad00000, 0x000000008ae00000|  0%| F|  |TAMS 0x000000008ad00000, 0x000000008ad00000| Untracked 
| 174|0x000000008ae00000, 0x000000008ae00000, 0x000000008af00000|  0%| F|  |TAMS 0x000000008ae00000, 0x000000008ae00000| Untracked 
| 175|0x000000008af00000, 0x000000008af00000, 0x000000008b000000|  0%| F|  |TAMS 0x000000008af00000, 0x000000008af00000| Untracked 
| 176|0x000000008b000000, 0x000000008b000000, 0x000000008b100000|  0%| F|  |TAMS 0x000000008b000000, 0x000000008b000000| Untracked 
| 177|0x000000008b100000, 0x000000008b100000, 0x000000008b200000|  0%| F|  |TAMS 0x000000008b100000, 0x000000008b100000| Untracked 
| 178|0x000000008b200000, 0x000000008b200000, 0x000000008b300000|  0%| F|  |TAMS 0x000000008b200000, 0x000000008b200000| Untracked 
| 179|0x000000008b300000, 0x000000008b300000, 0x000000008b400000|  0%| F|  |TAMS 0x000000008b300000, 0x000000008b300000| Untracked 
| 180|0x000000008b400000, 0x000000008b400000, 0x000000008b500000|  0%| F|  |TAMS 0x000000008b400000, 0x000000008b400000| Untracked 
| 181|0x000000008b500000, 0x000000008b500000, 0x000000008b600000|  0%| F|  |TAMS 0x000000008b500000, 0x000000008b500000| Untracked 
| 182|0x000000008b600000, 0x000000008b600000, 0x000000008b700000|  0%| F|  |TAMS 0x000000008b600000, 0x000000008b600000| Untracked 
| 183|0x000000008b700000, 0x000000008b700000, 0x000000008b800000|  0%| F|  |TAMS 0x000000008b700000, 0x000000008b700000| Untracked 
| 184|0x000000008b800000, 0x000000008b800000, 0x000000008b900000|  0%| F|  |TAMS 0x000000008b800000, 0x000000008b800000| Untracked 
| 185|0x000000008b900000, 0x000000008b900000, 0x000000008ba00000|  0%| F|  |TAMS 0x000000008b900000, 0x000000008b900000| Untracked 
| 186|0x000000008ba00000, 0x000000008ba00000, 0x000000008bb00000|  0%| F|  |TAMS 0x000000008ba00000, 0x000000008ba00000| Untracked 
| 187|0x000000008bb00000, 0x000000008bb00000, 0x000000008bc00000|  0%| F|  |TAMS 0x000000008bb00000, 0x000000008bb00000| Untracked 
| 188|0x000000008bc00000, 0x000000008bc00000, 0x000000008bd00000|  0%| F|  |TAMS 0x000000008bc00000, 0x000000008bc00000| Untracked 
| 189|0x000000008bd00000, 0x000000008bd00000, 0x000000008be00000|  0%| F|  |TAMS 0x000000008bd00000, 0x000000008bd00000| Untracked 
| 190|0x000000008be00000, 0x000000008be00000, 0x000000008bf00000|  0%| F|  |TAMS 0x000000008be00000, 0x000000008be00000| Untracked 
| 191|0x000000008bf00000, 0x000000008bf00000, 0x000000008c000000|  0%| F|  |TAMS 0x000000008bf00000, 0x000000008bf00000| Untracked 
| 192|0x000000008c000000, 0x000000008c000000, 0x000000008c100000|  0%| F|  |TAMS 0x000000008c000000, 0x000000008c000000| Untracked 
| 193|0x000000008c100000, 0x000000008c100000, 0x000000008c200000|  0%| F|  |TAMS 0x000000008c100000, 0x000000008c100000| Untracked 
| 194|0x000000008c200000, 0x000000008c200000, 0x000000008c300000|  0%| F|  |TAMS 0x000000008c200000, 0x000000008c200000| Untracked 
| 195|0x000000008c300000, 0x000000008c300000, 0x000000008c400000|  0%| F|  |TAMS 0x000000008c300000, 0x000000008c300000| Untracked 
| 196|0x000000008c400000, 0x000000008c400000, 0x000000008c500000|  0%| F|  |TAMS 0x000000008c400000, 0x000000008c400000| Untracked 
| 197|0x000000008c500000, 0x000000008c500000, 0x000000008c600000|  0%| F|  |TAMS 0x000000008c500000, 0x000000008c500000| Untracked 
| 198|0x000000008c600000, 0x000000008c600000, 0x000000008c700000|  0%| F|  |TAMS 0x000000008c600000, 0x000000008c600000| Untracked 
| 199|0x000000008c700000, 0x000000008c700000, 0x000000008c800000|  0%| F|  |TAMS 0x000000008c700000, 0x000000008c700000| Untracked 
| 200|0x000000008c800000, 0x000000008c800000, 0x000000008c900000|  0%| F|  |TAMS 0x000000008c800000, 0x000000008c800000| Untracked 
| 201|0x000000008c900000, 0x000000008c900000, 0x000000008ca00000|  0%| F|  |TAMS 0x000000008c900000, 0x000000008c900000| Untracked 
| 202|0x000000008ca00000, 0x000000008ca00000, 0x000000008cb00000|  0%| F|  |TAMS 0x000000008ca00000, 0x000000008ca00000| Untracked 
| 203|0x000000008cb00000, 0x000000008cb298c0, 0x000000008cc00000| 16%| S|CS|TAMS 0x000000008cb00000, 0x000000008cb00000| Complete 
| 204|0x000000008cc00000, 0x000000008cd00000, 0x000000008cd00000|100%| S|CS|TAMS 0x000000008cc00000, 0x000000008cc00000| Complete 
| 205|0x000000008cd00000, 0x000000008ce00000, 0x000000008ce00000|100%| S|CS|TAMS 0x000000008cd00000, 0x000000008cd00000| Complete 
| 206|0x000000008ce00000, 0x000000008cf00000, 0x000000008cf00000|100%| S|CS|TAMS 0x000000008ce00000, 0x000000008ce00000| Complete 
| 207|0x000000008cf00000, 0x000000008d000000, 0x000000008d000000|100%| S|CS|TAMS 0x000000008cf00000, 0x000000008cf00000| Complete 
| 208|0x000000008d000000, 0x000000008d100000, 0x000000008d100000|100%| S|CS|TAMS 0x000000008d000000, 0x000000008d000000| Complete 
| 209|0x000000008d100000, 0x000000008d200000, 0x000000008d200000|100%| S|CS|TAMS 0x000000008d100000, 0x000000008d100000| Complete 
| 210|0x000000008d200000, 0x000000008d300000, 0x000000008d300000|100%| S|CS|TAMS 0x000000008d200000, 0x000000008d200000| Complete 
| 211|0x000000008d300000, 0x000000008d300000, 0x000000008d400000|  0%| F|  |TAMS 0x000000008d300000, 0x000000008d300000| Untracked 
| 212|0x000000008d400000, 0x000000008d400000, 0x000000008d500000|  0%| F|  |TAMS 0x000000008d400000, 0x000000008d400000| Untracked 
| 213|0x000000008d500000, 0x000000008d500000, 0x000000008d600000|  0%| F|  |TAMS 0x000000008d500000, 0x000000008d500000| Untracked 
| 214|0x000000008d600000, 0x000000008d600000, 0x000000008d700000|  0%| F|  |TAMS 0x000000008d600000, 0x000000008d600000| Untracked 
| 215|0x000000008d700000, 0x000000008d700000, 0x000000008d800000|  0%| F|  |TAMS 0x000000008d700000, 0x000000008d700000| Untracked 
| 216|0x000000008d800000, 0x000000008d800000, 0x000000008d900000|  0%| F|  |TAMS 0x000000008d800000, 0x000000008d800000| Untracked 
| 217|0x000000008d900000, 0x000000008d900000, 0x000000008da00000|  0%| F|  |TAMS 0x000000008d900000, 0x000000008d900000| Untracked 
| 218|0x000000008da00000, 0x000000008da00000, 0x000000008db00000|  0%| F|  |TAMS 0x000000008da00000, 0x000000008da00000| Untracked 
| 219|0x000000008db00000, 0x000000008db00000, 0x000000008dc00000|  0%| F|  |TAMS 0x000000008db00000, 0x000000008db00000| Untracked 
| 220|0x000000008dc00000, 0x000000008dc00000, 0x000000008dd00000|  0%| F|  |TAMS 0x000000008dc00000, 0x000000008dc00000| Untracked 
| 221|0x000000008dd00000, 0x000000008dd00000, 0x000000008de00000|  0%| F|  |TAMS 0x000000008dd00000, 0x000000008dd00000| Untracked 
| 222|0x000000008de00000, 0x000000008de00000, 0x000000008df00000|  0%| F|  |TAMS 0x000000008de00000, 0x000000008de00000| Untracked 
| 223|0x000000008df00000, 0x000000008df00000, 0x000000008e000000|  0%| F|  |TAMS 0x000000008df00000, 0x000000008df00000| Untracked 
| 224|0x000000008e000000, 0x000000008e000000, 0x000000008e100000|  0%| F|  |TAMS 0x000000008e000000, 0x000000008e000000| Untracked 
| 225|0x000000008e100000, 0x000000008e100000, 0x000000008e200000|  0%| F|  |TAMS 0x000000008e100000, 0x000000008e100000| Untracked 
| 226|0x000000008e200000, 0x000000008e200000, 0x000000008e300000|  0%| F|  |TAMS 0x000000008e200000, 0x000000008e200000| Untracked 
| 227|0x000000008e300000, 0x000000008e300000, 0x000000008e400000|  0%| F|  |TAMS 0x000000008e300000, 0x000000008e300000| Untracked 
| 228|0x000000008e400000, 0x000000008e400000, 0x000000008e500000|  0%| F|  |TAMS 0x000000008e400000, 0x000000008e400000| Untracked 
| 229|0x000000008e500000, 0x000000008e500000, 0x000000008e600000|  0%| F|  |TAMS 0x000000008e500000, 0x000000008e500000| Untracked 
| 230|0x000000008e600000, 0x000000008e600000, 0x000000008e700000|  0%| F|  |TAMS 0x000000008e600000, 0x000000008e600000| Untracked 
| 231|0x000000008e700000, 0x000000008e700000, 0x000000008e800000|  0%| F|  |TAMS 0x000000008e700000, 0x000000008e700000| Untracked 
| 232|0x000000008e800000, 0x000000008e800000, 0x000000008e900000|  0%| F|  |TAMS 0x000000008e800000, 0x000000008e800000| Untracked 
| 233|0x000000008e900000, 0x000000008e900000, 0x000000008ea00000|  0%| F|  |TAMS 0x000000008e900000, 0x000000008e900000| Untracked 
| 234|0x000000008ea00000, 0x000000008ea00000, 0x000000008eb00000|  0%| F|  |TAMS 0x000000008ea00000, 0x000000008ea00000| Untracked 
| 235|0x000000008eb00000, 0x000000008eb00000, 0x000000008ec00000|  0%| F|  |TAMS 0x000000008eb00000, 0x000000008eb00000| Untracked 
| 236|0x000000008ec00000, 0x000000008ec00000, 0x000000008ed00000|  0%| F|  |TAMS 0x000000008ec00000, 0x000000008ec00000| Untracked 
| 237|0x000000008ed00000, 0x000000008ed00000, 0x000000008ee00000|  0%| F|  |TAMS 0x000000008ed00000, 0x000000008ed00000| Untracked 
| 238|0x000000008ee00000, 0x000000008ee00000, 0x000000008ef00000|  0%| F|  |TAMS 0x000000008ee00000, 0x000000008ee00000| Untracked 
| 239|0x000000008ef00000, 0x000000008ef00000, 0x000000008f000000|  0%| F|  |TAMS 0x000000008ef00000, 0x000000008ef00000| Untracked 
| 240|0x000000008f000000, 0x000000008f000000, 0x000000008f100000|  0%| F|  |TAMS 0x000000008f000000, 0x000000008f000000| Untracked 
| 241|0x000000008f100000, 0x000000008f100000, 0x000000008f200000|  0%| F|  |TAMS 0x000000008f100000, 0x000000008f100000| Untracked 
| 242|0x000000008f200000, 0x000000008f200000, 0x000000008f300000|  0%| F|  |TAMS 0x000000008f200000, 0x000000008f200000| Untracked 
| 243|0x000000008f300000, 0x000000008f300000, 0x000000008f400000|  0%| F|  |TAMS 0x000000008f300000, 0x000000008f300000| Untracked 
| 244|0x000000008f400000, 0x000000008f400000, 0x000000008f500000|  0%| F|  |TAMS 0x000000008f400000, 0x000000008f400000| Untracked 
| 245|0x000000008f500000, 0x000000008f500000, 0x000000008f600000|  0%| F|  |TAMS 0x000000008f500000, 0x000000008f500000| Untracked 
| 246|0x000000008f600000, 0x000000008f600000, 0x000000008f700000|  0%| F|  |TAMS 0x000000008f600000, 0x000000008f600000| Untracked 
| 247|0x000000008f700000, 0x000000008f700000, 0x000000008f800000|  0%| F|  |TAMS 0x000000008f700000, 0x000000008f700000| Untracked 
| 248|0x000000008f800000, 0x000000008f800000, 0x000000008f900000|  0%| F|  |TAMS 0x000000008f800000, 0x000000008f800000| Untracked 
| 249|0x000000008f900000, 0x000000008f900000, 0x000000008fa00000|  0%| F|  |TAMS 0x000000008f900000, 0x000000008f900000| Untracked 
| 250|0x000000008fa00000, 0x000000008fa00000, 0x000000008fb00000|  0%| F|  |TAMS 0x000000008fa00000, 0x000000008fa00000| Untracked 
| 251|0x000000008fb00000, 0x000000008fb00000, 0x000000008fc00000|  0%| F|  |TAMS 0x000000008fb00000, 0x000000008fb00000| Untracked 
| 252|0x000000008fc00000, 0x000000008fc00000, 0x000000008fd00000|  0%| F|  |TAMS 0x000000008fc00000, 0x000000008fc00000| Untracked 
| 253|0x000000008fd00000, 0x000000008fd550a8, 0x000000008fe00000| 33%| E|  |TAMS 0x000000008fd00000, 0x000000008fd00000| Complete 
| 254|0x000000008fe00000, 0x000000008ff00000, 0x000000008ff00000|100%| E|CS|TAMS 0x000000008fe00000, 0x000000008fe00000| Complete 
| 255|0x000000008ff00000, 0x0000000090000000, 0x0000000090000000|100%| E|CS|TAMS 0x000000008ff00000, 0x000000008ff00000| Complete 
| 256|0x0000000090000000, 0x0000000090100000, 0x0000000090100000|100%| E|CS|TAMS 0x0000000090000000, 0x0000000090000000| Complete 
| 257|0x0000000090100000, 0x0000000090200000, 0x0000000090200000|100%| E|CS|TAMS 0x0000000090100000, 0x0000000090100000| Complete 
| 258|0x0000000090200000, 0x0000000090300000, 0x0000000090300000|100%| E|CS|TAMS 0x0000000090200000, 0x0000000090200000| Complete 
| 259|0x0000000090300000, 0x0000000090400000, 0x0000000090400000|100%| E|CS|TAMS 0x0000000090300000, 0x0000000090300000| Complete 
| 260|0x0000000090400000, 0x0000000090500000, 0x0000000090500000|100%| E|CS|TAMS 0x0000000090400000, 0x0000000090400000| Complete 
| 261|0x0000000090500000, 0x0000000090600000, 0x0000000090600000|100%| E|CS|TAMS 0x0000000090500000, 0x0000000090500000| Complete 
| 262|0x0000000090600000, 0x0000000090700000, 0x0000000090700000|100%| E|CS|TAMS 0x0000000090600000, 0x0000000090600000| Complete 
| 263|0x0000000090700000, 0x0000000090800000, 0x0000000090800000|100%| E|CS|TAMS 0x0000000090700000, 0x0000000090700000| Complete 
| 264|0x0000000090800000, 0x0000000090900000, 0x0000000090900000|100%| E|CS|TAMS 0x0000000090800000, 0x0000000090800000| Complete 
| 265|0x0000000090900000, 0x0000000090a00000, 0x0000000090a00000|100%| E|CS|TAMS 0x0000000090900000, 0x0000000090900000| Complete 
| 266|0x0000000090a00000, 0x0000000090b00000, 0x0000000090b00000|100%| E|CS|TAMS 0x0000000090a00000, 0x0000000090a00000| Complete 
| 267|0x0000000090b00000, 0x0000000090c00000, 0x0000000090c00000|100%| E|CS|TAMS 0x0000000090b00000, 0x0000000090b00000| Complete 
| 268|0x0000000090c00000, 0x0000000090d00000, 0x0000000090d00000|100%| E|CS|TAMS 0x0000000090c00000, 0x0000000090c00000| Complete 

Card table byte_map: [0x000002a8fc140000,0x000002a8fc540000] _byte_map_base: 0x000002a8fbd40000

Marking Bits (Prev, Next): (CMBitMap*) 0x000002a8fbcdf400, (CMBitMap*) 0x000002a8fbcdf440
 Prev Bits: [0x000002a8fc940000, 0x000002a8fe940000)
 Next Bits: [0x000002a896a40000, 0x000002a898a40000)

Polling page: 0x000002a8fb440000

Metaspace:

Usage:
  Non-class:     87.47 MB used.
      Class:     13.94 MB used.
       Both:    101.41 MB used.

Virtual space:
  Non-class space:      128.00 MB reserved,      88.12 MB ( 69%) committed,  2 nodes.
      Class space:      416.00 MB reserved,      14.44 MB (  3%) committed,  1 nodes.
             Both:      544.00 MB reserved,     102.56 MB ( 19%) committed. 

Chunk freelists:
   Non-Class:  7.91 MB
       Class:  1.38 MB
        Both:  9.29 MB

MaxMetaspaceSize: 512.00 MB
CompressedClassSpaceSize: 416.00 MB
Initial GC threshold: 21.00 MB
Current GC threshold: 127.00 MB
CDS: on
MetaspaceReclaimPolicy: balanced
 - commit_granule_bytes: 65536.
 - commit_granule_words: 8192.
 - virtual_space_node_default_size: 8388608.
 - enlarge_chunks_in_place: 1.
 - new_chunks_are_fully_committed: 0.
 - uncommit_free_chunks: 1.
 - use_allocation_guard: 0.
 - handle_deallocations: 1.


Internal statistics:

num_allocs_failed_limit: 6.
num_arena_births: 1454.
num_arena_deaths: 0.
num_vsnodes_births: 3.
num_vsnodes_deaths: 0.
num_space_committed: 1640.
num_space_uncommitted: 0.
num_chunks_returned_to_freelist: 6.
num_chunks_taken_from_freelist: 6077.
num_chunk_merges: 6.
num_chunk_splits: 3883.
num_chunks_enlarged: 2425.
num_inconsistent_stats: 0.

CodeHeap 'non-profiled nmethods': size=120000Kb used=9130Kb max_used=9130Kb free=110869Kb
 bounds [0x000002a88f510000, 0x000002a88fe00000, 0x000002a896a40000]
CodeHeap 'profiled nmethods': size=120000Kb used=27372Kb max_used=27372Kb free=92628Kb
 bounds [0x000002a887a40000, 0x000002a889500000, 0x000002a88ef70000]
CodeHeap 'non-nmethods': size=5760Kb used=2437Kb max_used=2472Kb free=3322Kb
 bounds [0x000002a88ef70000, 0x000002a88f1e0000, 0x000002a88f510000]
 total_blobs=14826 nmethods=13889 adapters=846
 compilation: enabled
              stopped_count=0, restarted_count=0
 full_count=0

Compilation events (20 events):
Event: 54.270 Thread 0x000002a8fee0a160 nmethod 16271 0x000002a88fde8990 code [0x000002a88fde8b40, 0x000002a88fde90a8]
Event: 54.270 Thread 0x000002a8fee0a160 16272       4       com.esotericsoftware.kryo.io.Input::readLong (181 bytes)
Event: 54.280 Thread 0x000002a8fee0a160 nmethod 16272 0x000002a88fde9510 code [0x000002a88fde96a0, 0x000002a88fde9af8]
Event: 54.280 Thread 0x000002a8fee0a160 16270       4       org.gradle.cache.internal.btree.BTreePersistentIndexedCache$IndexRoot::getRoot (15 bytes)
Event: 54.285 Thread 0x000002a8fee0a160 nmethod 16270 0x000002a88fde9e90 code [0x000002a88fdea040, 0x000002a88fdea2e8]
Event: 54.285 Thread 0x000002a8fee0a160 16269       4       com.google.common.cache.LocalCache$Segment::loadSync (19 bytes)
Event: 54.452 Thread 0x000002a8fee0a160 nmethod 16269 0x000002a88fdea510 code [0x000002a88fdea880, 0x000002a88fded720]
Event: 54.452 Thread 0x000002a8fee0a160 16276       4       java.util.concurrent.locks.AbstractQueuedSynchronizer$ConditionObject::awaitNanos (200 bytes)
Event: 54.466 Thread 0x000002a8bbc03580 nmethod 16265 0x000002a88fdef210 code [0x000002a88fdef6e0, 0x000002a88fdf4590]
Event: 54.466 Thread 0x000002a8bbc03580 16275       4       java.util.concurrent.locks.LockSupport::parkNanos (29 bytes)
Event: 54.470 Thread 0x000002a8bbc03580 nmethod 16275 0x000002a88fdf7910 code [0x000002a88fdf7aa0, 0x000002a88fdf7c88]
Event: 54.470 Thread 0x000002a8bbc03580 16273       4       sun.nio.fs.WindowsFileAttributes::isDirectory (25 bytes)
Event: 54.471 Thread 0x000002a8bbc03580 nmethod 16273 0x000002a88fdf7d90 code [0x000002a88fdf7f00, 0x000002a88fdf7fb8]
Event: 54.471 Thread 0x000002a8bbc03580 16274   !   4       org.gradle.cache.internal.DefaultMultiProcessSafeIndexedCache::getIfPresent (25 bytes)
Event: 54.492 Thread 0x000002a8fee0a160 nmethod 16276 0x000002a88fdf8090 code [0x000002a88fdf8280, 0x000002a88fdf8f88]
Event: 54.492 Thread 0x000002a8fee0a160 16278       4       org.gradle.internal.snapshot.ChildMapFactory::childMapFromSorted (84 bytes)
Event: 54.498 Thread 0x000002a8fee0a160 nmethod 16278 0x000002a88fdf9710 code [0x000002a88fdf98c0, 0x000002a88fdf9c38]
Event: 54.498 Thread 0x000002a8fee0a160 16277       4       org.gradle.internal.serialize.kryo.KryoBackedDecoder::<init> (26 bytes)
Event: 54.508 Thread 0x000002a8fee0a160 nmethod 16277 0x000002a88fdf9f10 code [0x000002a88fdfa0a0, 0x000002a88fdfa778]
Event: 54.509 Thread 0x000002a8fee0a160 16279       4       org.gradle.cache.internal.ExclusiveCacheAccessingWorker$1::call (10 bytes)

GC Heap History (20 events):
Event: 30.524 GC heap before
{Heap before GC invocations=40 (full 0):
 garbage-first heap   total 173056K, used 93984K [0x0000000080000000, 0x0000000100000000)
  region size 1024K, 8 young (8192K), 5 survivors (5120K)
 Metaspace       used 77924K, committed 78656K, reserved 557056K
  class space    used 10793K, committed 11136K, reserved 425984K
}
Event: 30.537 GC heap after
{Heap after GC invocations=41 (full 0):
 garbage-first heap   total 275456K, used 91383K [0x0000000080000000, 0x0000000100000000)
  region size 1024K, 1 young (1024K), 1 survivors (1024K)
 Metaspace       used 77924K, committed 78656K, reserved 557056K
  class space    used 10793K, committed 11136K, reserved 425984K
}
Event: 36.114 GC heap before
{Heap before GC invocations=41 (full 0):
 garbage-first heap   total 275456K, used 199927K [0x0000000080000000, 0x0000000100000000)
  region size 1024K, 107 young (109568K), 1 survivors (1024K)
 Metaspace       used 84469K, committed 85184K, reserved 557056K
  class space    used 11866K, committed 12224K, reserved 425984K
}
Event: 36.123 GC heap after
{Heap after GC invocations=42 (full 0):
 garbage-first heap   total 275456K, used 95346K [0x0000000080000000, 0x0000000100000000)
  region size 1024K, 5 young (5120K), 5 survivors (5120K)
 Metaspace       used 84469K, committed 85184K, reserved 557056K
  class space    used 11866K, committed 12224K, reserved 425984K
}
Event: 40.498 GC heap before
{Heap before GC invocations=42 (full 0):
 garbage-first heap   total 275456K, used 211058K [0x0000000080000000, 0x0000000100000000)
  region size 1024K, 118 young (120832K), 5 survivors (5120K)
 Metaspace       used 89758K, committed 90816K, reserved 557056K
  class space    used 12631K, committed 13120K, reserved 425984K
}
Event: 40.532 GC heap after
{Heap after GC invocations=43 (full 0):
 garbage-first heap   total 275456K, used 111992K [0x0000000080000000, 0x0000000100000000)
  region size 1024K, 15 young (15360K), 15 survivors (15360K)
 Metaspace       used 89758K, committed 90816K, reserved 557056K
  class space    used 12631K, committed 13120K, reserved 425984K
}
Event: 43.315 GC heap before
{Heap before GC invocations=43 (full 0):
 garbage-first heap   total 275456K, used 214392K [0x0000000080000000, 0x0000000100000000)
  region size 1024K, 110 young (112640K), 15 survivors (15360K)
 Metaspace       used 92792K, committed 93888K, reserved 557056K
  class space    used 12935K, committed 13376K, reserved 425984K
}
Event: 43.369 GC heap after
{Heap after GC invocations=44 (full 0):
 garbage-first heap   total 275456K, used 139193K [0x0000000080000000, 0x0000000100000000)
  region size 1024K, 14 young (14336K), 14 survivors (14336K)
 Metaspace       used 92792K, committed 93888K, reserved 557056K
  class space    used 12935K, committed 13376K, reserved 425984K
}
Event: 45.857 GC heap before
{Heap before GC invocations=44 (full 0):
 garbage-first heap   total 275456K, used 210873K [0x0000000080000000, 0x0000000100000000)
  region size 1024K, 84 young (86016K), 14 survivors (14336K)
 Metaspace       used 97403K, committed 98496K, reserved 557056K
  class space    used 13607K, committed 14080K, reserved 425984K
}
Event: 45.886 GC heap after
{Heap after GC invocations=45 (full 0):
 garbage-first heap   total 275456K, used 147456K [0x0000000080000000, 0x0000000100000000)
  region size 1024K, 7 young (7168K), 7 survivors (7168K)
 Metaspace       used 97403K, committed 98496K, reserved 557056K
  class space    used 13607K, committed 14080K, reserved 425984K
}
Event: 47.725 GC heap before
{Heap before GC invocations=45 (full 0):
 garbage-first heap   total 275456K, used 217088K [0x0000000080000000, 0x0000000100000000)
  region size 1024K, 75 young (76800K), 7 survivors (7168K)
 Metaspace       used 99805K, committed 100928K, reserved 557056K
  class space    used 13887K, committed 14400K, reserved 425984K
}
Event: 47.754 GC heap after
{Heap after GC invocations=46 (full 0):
 garbage-first heap   total 275456K, used 155322K [0x0000000080000000, 0x0000000100000000)
  region size 1024K, 9 young (9216K), 9 survivors (9216K)
 Metaspace       used 99805K, committed 100928K, reserved 557056K
  class space    used 13887K, committed 14400K, reserved 425984K
}
Event: 49.181 GC heap before
{Heap before GC invocations=46 (full 0):
 garbage-first heap   total 275456K, used 219834K [0x0000000080000000, 0x0000000100000000)
  region size 1024K, 72 young (73728K), 9 survivors (9216K)
 Metaspace       used 100299K, committed 101376K, reserved 557056K
  class space    used 13924K, committed 14400K, reserved 425984K
}
Event: 49.215 GC heap after
{Heap after GC invocations=47 (full 0):
 garbage-first heap   total 275456K, used 162124K [0x0000000080000000, 0x0000000100000000)
  region size 1024K, 7 young (7168K), 7 survivors (7168K)
 Metaspace       used 100299K, committed 101376K, reserved 557056K
  class space    used 13924K, committed 14400K, reserved 425984K
}
Event: 50.666 GC heap before
{Heap before GC invocations=47 (full 0):
 garbage-first heap   total 275456K, used 226636K [0x0000000080000000, 0x0000000100000000)
  region size 1024K, 66 young (67584K), 7 survivors (7168K)
 Metaspace       used 102893K, committed 104128K, reserved 557056K
  class space    used 14173K, committed 14720K, reserved 425984K
}
Event: 50.697 GC heap after
{Heap after GC invocations=48 (full 0):
 garbage-first heap   total 275456K, used 169639K [0x0000000080000000, 0x0000000100000000)
  region size 1024K, 8 young (8192K), 8 survivors (8192K)
 Metaspace       used 102893K, committed 104128K, reserved 557056K
  class space    used 14173K, committed 14720K, reserved 425984K
}
Event: 52.459 GC heap before
{Heap before GC invocations=48 (full 0):
 garbage-first heap   total 275456K, used 223911K [0x0000000080000000, 0x0000000100000000)
  region size 1024K, 62 young (63488K), 8 survivors (8192K)
 Metaspace       used 103339K, committed 104512K, reserved 557056K
  class space    used 14176K, committed 14720K, reserved 425984K
}
Event: 52.478 GC heap after
{Heap after GC invocations=49 (full 0):
 garbage-first heap   total 275456K, used 172366K [0x0000000080000000, 0x0000000100000000)
  region size 1024K, 3 young (3072K), 3 survivors (3072K)
 Metaspace       used 103339K, committed 104512K, reserved 557056K
  class space    used 14176K, committed 14720K, reserved 425984K
}
Event: 54.401 GC heap before
{Heap before GC invocations=49 (full 0):
 garbage-first heap   total 275456K, used 227662K [0x0000000080000000, 0x0000000100000000)
  region size 1024K, 58 young (59392K), 3 survivors (3072K)
 Metaspace       used 103845K, committed 105024K, reserved 557056K
  class space    used 14274K, committed 14784K, reserved 425984K
}
Event: 54.418 GC heap after
{Heap after GC invocations=50 (full 0):
 garbage-first heap   total 275456K, used 176628K [0x0000000080000000, 0x0000000100000000)
  region size 1024K, 8 young (8192K), 8 survivors (8192K)
 Metaspace       used 103845K, committed 105024K, reserved 557056K
  class space    used 14274K, committed 14784K, reserved 425984K
}

Dll operation events (14 events):
Event: 0.011 Loaded shared library C:\Program Files\Microsoft\jdk-17.0.8.7-hotspot\bin\java.dll
Event: 0.029 Loaded shared library C:\Program Files\Microsoft\jdk-17.0.8.7-hotspot\bin\jsvml.dll
Event: 0.092 Loaded shared library C:\Program Files\Microsoft\jdk-17.0.8.7-hotspot\bin\zip.dll
Event: 0.096 Loaded shared library C:\Program Files\Microsoft\jdk-17.0.8.7-hotspot\bin\instrument.dll
Event: 0.102 Loaded shared library C:\Program Files\Microsoft\jdk-17.0.8.7-hotspot\bin\net.dll
Event: 0.105 Loaded shared library C:\Program Files\Microsoft\jdk-17.0.8.7-hotspot\bin\nio.dll
Event: 0.111 Loaded shared library C:\Program Files\Microsoft\jdk-17.0.8.7-hotspot\bin\zip.dll
Event: 0.392 Loaded shared library C:\Program Files\Microsoft\jdk-17.0.8.7-hotspot\bin\jimage.dll
Event: 0.515 Loaded shared library C:\Program Files\Microsoft\jdk-17.0.8.7-hotspot\bin\verify.dll
Event: 0.737 Loaded shared library C:\Users\Al hamad\.gradle\native\68d5fa5c4cc2d200863cafc0d521ce42e7d3e7ee720ec0a83991735586a16f82\windows-amd64\native-platform.dll
Event: 0.745 Loaded shared library C:\Users\Al hamad\.gradle\native\e376f236ea51e6404a007f0833ffe2c6e607c4080706a723a18a27aeea778392\windows-amd64\native-platform-file-events.dll
Event: 1.893 Loaded shared library C:\Program Files\Microsoft\jdk-17.0.8.7-hotspot\bin\management.dll
Event: 1.897 Loaded shared library C:\Program Files\Microsoft\jdk-17.0.8.7-hotspot\bin\management_ext.dll
Event: 2.536 Loaded shared library C:\Program Files\Microsoft\jdk-17.0.8.7-hotspot\bin\sunmscapi.dll

Deoptimization events (20 events):
Event: 53.430 Thread 0x000002a8c0ed15a0 Uncommon trap: trap_request=0xfffffff4 fr.pc=0x000002a88fdbb778 relative=0x00000000000000d8
Event: 53.430 Thread 0x000002a8c0ed15a0 Uncommon trap: reason=null_check action=make_not_entrant pc=0x000002a88fdbb778 method=org.gradle.tooling.internal.provider.runner.ClientBuildEventGenerator$Disabled.accept(Lorg/gradle/internal/operations/BuildOperationDescriptor;)Lorg/gradle/tooling/inter
Event: 53.431 Thread 0x000002a8c0ed15a0 DEOPT PACKING pc=0x000002a88fdbb778 sp=0x000000da0d5fe590
Event: 53.431 Thread 0x000002a8c0ed15a0 DEOPT UNPACKING pc=0x000002a88efc69a3 sp=0x000000da0d5fe518 mode 2
Event: 53.694 Thread 0x000002a8c0ed15a0 Uncommon trap: trap_request=0xffffffbe fr.pc=0x000002a88fdc7718 relative=0x00000000000017d8
Event: 53.694 Thread 0x000002a8c0ed15a0 Uncommon trap: reason=profile_predicate action=maybe_recompile pc=0x000002a88fdc7718 method=org.gradle.internal.file.FileHierarchySet$Node.contains(Ljava/lang/String;I)Z @ 69 c2
Event: 53.694 Thread 0x000002a8c0ed15a0 DEOPT PACKING pc=0x000002a88fdc7718 sp=0x000000da0d5faf00
Event: 53.694 Thread 0x000002a8c0ed15a0 DEOPT UNPACKING pc=0x000002a88efc69a3 sp=0x000000da0d5faed0 mode 2
Event: 53.695 Thread 0x000002a8c0ed15a0 Uncommon trap: trap_request=0xffffffbe fr.pc=0x000002a88fdc7718 relative=0x00000000000017d8
Event: 53.695 Thread 0x000002a8c0ed15a0 Uncommon trap: reason=profile_predicate action=maybe_recompile pc=0x000002a88fdc7718 method=org.gradle.internal.file.FileHierarchySet$Node.contains(Ljava/lang/String;I)Z @ 69 c2
Event: 53.695 Thread 0x000002a8c0ed15a0 DEOPT PACKING pc=0x000002a88fdc7718 sp=0x000000da0d5faf00
Event: 53.695 Thread 0x000002a8c0ed15a0 DEOPT UNPACKING pc=0x000002a88efc69a3 sp=0x000000da0d5faed0 mode 2
Event: 53.704 Thread 0x000002a8c0ed15a0 Uncommon trap: trap_request=0xffffffbe fr.pc=0x000002a88fdc7718 relative=0x00000000000017d8
Event: 53.704 Thread 0x000002a8c0ed15a0 Uncommon trap: reason=profile_predicate action=maybe_recompile pc=0x000002a88fdc7718 method=org.gradle.internal.file.FileHierarchySet$Node.contains(Ljava/lang/String;I)Z @ 69 c2
Event: 53.705 Thread 0x000002a8c0ed15a0 DEOPT PACKING pc=0x000002a88fdc7718 sp=0x000000da0d5fb0c0
Event: 53.705 Thread 0x000002a8c0ed15a0 DEOPT UNPACKING pc=0x000002a88efc69a3 sp=0x000000da0d5fb090 mode 2
Event: 53.705 Thread 0x000002a8c0ed15a0 Uncommon trap: trap_request=0xffffffbe fr.pc=0x000002a88fdc7718 relative=0x00000000000017d8
Event: 53.705 Thread 0x000002a8c0ed15a0 Uncommon trap: reason=profile_predicate action=maybe_recompile pc=0x000002a88fdc7718 method=org.gradle.internal.file.FileHierarchySet$Node.contains(Ljava/lang/String;I)Z @ 69 c2
Event: 53.705 Thread 0x000002a8c0ed15a0 DEOPT PACKING pc=0x000002a88fdc7718 sp=0x000000da0d5fb0c0
Event: 53.705 Thread 0x000002a8c0ed15a0 DEOPT UNPACKING pc=0x000002a88efc69a3 sp=0x000000da0d5fb090 mode 2

Classes unloaded (0 events):
No events

Classes redefined (0 events):
No events

Internal exceptions (20 events):
Event: 49.988 Thread 0x000002a8fee055f0 Exception <a 'java/lang/NoSuchMethodError'{0x000000008e6dbe08}: static Lcom/android/build/gradle/internal/profile/TaskMetadata;.<clinit>()V> (0x000000008e6dbe08) 
thrown [s\src\hotspot\share\prims\jni.cpp, line 1107]
Event: 50.130 Thread 0x000002a8fee055f0 Exception <a 'sun/nio/fs/WindowsException'{0x000000008e025f18}> (0x000000008e025f18) 
thrown [s\src\hotspot\share\prims\jni.cpp, line 516]
Event: 50.255 Thread 0x000002a8be0bac50 Exception <a 'java/lang/NoSuchMethodError'{0x000000008ddb5340}: 'void java.lang.invoke.DirectMethodHandle$Holder.invokeStatic(java.lang.Object, java.lang.Object, java.lang.Object, java.lang.Object, int, java.lang.Object, java.lang.Object)'> (0x000000008ddb5340) 
thrown [s\src\hotspot\share\interpreter\linkResolver.cpp, line 759]
Event: 50.377 Thread 0x000002a8bf786700 Exception <a 'java/lang/NoSuchMethodError'{0x000000008da73898}: 'java.lang.Object java.lang.invoke.DirectMethodHandle$Holder.invokeSpecialIFC(java.lang.Object, java.lang.Object, java.lang.Object)'> (0x000000008da73898) 
thrown [s\src\hotspot\share\interpreter\linkResolver.cpp, line 759]
Event: 50.377 Thread 0x000002a8be0b4c20 Exception <a 'java/lang/NoSuchMethodError'{0x000000008d910220}: 'java.lang.Object java.lang.invoke.DirectMethodHandle$Holder.invokeSpecialIFC(java.lang.Object, java.lang.Object, java.lang.Object)'> (0x000000008d910220) 
thrown [s\src\hotspot\share\interpreter\linkResolver.cpp, line 759]
Event: 50.380 Thread 0x000002a8bf78d150 Exception <a 'java/lang/NoSuchMethodError'{0x000000008daad678}: 'java.lang.Object java.lang.invoke.DirectMethodHandle$Holder.invokeSpecialIFC(java.lang.Object, java.lang.Object, java.lang.Object)'> (0x000000008daad678) 
thrown [s\src\hotspot\share\interpreter\linkResolver.cpp, line 759]
Event: 50.382 Thread 0x000002a8bf789eb0 Exception <a 'java/lang/NoSuchMethodError'{0x000000008d935290}: 'java.lang.Object java.lang.invoke.DirectMethodHandle$Holder.invokeSpecialIFC(java.lang.Object, java.lang.Object, java.lang.Object)'> (0x000000008d935290) 
thrown [s\src\hotspot\share\interpreter\linkResolver.cpp, line 759]
Event: 50.591 Thread 0x000002a8bf786700 Exception <a 'java/lang/NoSuchMethodError'{0x000000008d343500}: 'void java.lang.invoke.DirectMethodHandle$Holder.invokeVirtual(java.lang.Object, java.lang.Object)'> (0x000000008d343500) 
thrown [s\src\hotspot\share\interpreter\linkResolver.cpp, line 759]
Event: 52.761 Thread 0x000002a8be0b4710 Exception <a 'java/lang/ClassNotFoundException'{0x00000000902ff848}: groovy/util/FileTreeBuilderBeanInfo> (0x00000000902ff848) 
thrown [s\src\hotspot\share\classfile\systemDictionary.cpp, line 256]
Event: 52.769 Thread 0x000002a8be0b4710 Exception <a 'java/lang/ClassNotFoundException'{0x0000000090172bd8}: groovy/util/FileTreeBuilderCustomizer> (0x0000000090172bd8) 
thrown [s\src\hotspot\share\classfile\systemDictionary.cpp, line 256]
Event: 52.804 Thread 0x000002a8be0b4710 Exception <a 'java/lang/ClassNotFoundException'{0x000000009000a148}: java/io/BufferedWriterBeanInfo> (0x000000009000a148) 
thrown [s\src\hotspot\share\classfile\systemDictionary.cpp, line 256]
Event: 52.806 Thread 0x000002a8be0b4710 Exception <a 'java/lang/ClassNotFoundException'{0x00000000900176e8}: java/io/WriterBeanInfo> (0x00000000900176e8) 
thrown [s\src\hotspot\share\classfile\systemDictionary.cpp, line 256]
Event: 52.806 Thread 0x000002a8be0b4710 Exception <a 'java/lang/ClassNotFoundException'{0x000000009001ca98}: java/io/WriterCustomizer> (0x000000009001ca98) 
thrown [s\src\hotspot\share\classfile\systemDictionary.cpp, line 256]
Event: 52.807 Thread 0x000002a8be0b4710 Exception <a 'java/lang/ClassNotFoundException'{0x000000009002ad68}: java/io/BufferedWriterCustomizer> (0x000000009002ad68) 
thrown [s\src\hotspot\share\classfile\systemDictionary.cpp, line 256]
Event: 52.925 Thread 0x000002a8be0b4710 Exception <a 'java/lang/NoSuchMethodError'{0x00000000900d1ac8}: static Lcom/android/build/api/variant/BuildConfigField;.<clinit>()V> (0x00000000900d1ac8) 
thrown [s\src\hotspot\share\prims\jni.cpp, line 1107]
Event: 53.123 Thread 0x000002a8c0ed1ab0 Implicit null exception at 0x000002a88fd9496a to 0x000002a88fd95288
Event: 53.130 Thread 0x000002a8c0ece300 Implicit null exception at 0x000002a88fd9496a to 0x000002a88fd95288
Event: 53.131 Thread 0x000002a8c0ed15a0 Implicit null exception at 0x000002a88fd9496a to 0x000002a88fd95288
Event: 53.208 Thread 0x000002a8be0bac50 Implicit null exception at 0x000002a88fd9496a to 0x000002a88fd95288
Event: 53.430 Thread 0x000002a8c0ed15a0 Implicit null exception at 0x000002a88fdbb6db to 0x000002a88fdbb76c

VM Operations (20 events):
Event: 50.402 Executing VM operation: HandshakeAllThreads
Event: 50.402 Executing VM operation: HandshakeAllThreads done
Event: 50.654 Executing VM operation: ICBufferFull
Event: 50.655 Executing VM operation: ICBufferFull done
Event: 50.666 Executing VM operation: G1CollectForAllocation
Event: 50.697 Executing VM operation: G1CollectForAllocation done
Event: 51.697 Executing VM operation: Cleanup
Event: 51.697 Executing VM operation: Cleanup done
Event: 52.459 Executing VM operation: G1CollectForAllocation
Event: 52.480 Executing VM operation: G1CollectForAllocation done
Event: 52.679 Executing VM operation: HandshakeAllThreads
Event: 52.680 Executing VM operation: HandshakeAllThreads done
Event: 52.945 Executing VM operation: ICBufferFull
Event: 52.946 Executing VM operation: ICBufferFull done
Event: 53.348 Executing VM operation: ICBufferFull
Event: 53.348 Executing VM operation: ICBufferFull done
Event: 54.351 Executing VM operation: Cleanup
Event: 54.352 Executing VM operation: Cleanup done
Event: 54.401 Executing VM operation: G1CollectForAllocation
Event: 54.418 Executing VM operation: G1CollectForAllocation done

Events (20 events):
Event: 51.520 Thread 0x000002a8c0ed0160 Thread added: 0x000002a8c0ed0160
Event: 51.520 Thread 0x000002a8c0ecc4a0 Thread added: 0x000002a8c0ecc4a0
Event: 51.555 Thread 0x000002a8c0eca640 Thread added: 0x000002a8c0eca640
Event: 52.656 Thread 0x000002a8c0ecba80 Thread added: 0x000002a8c0ecba80
Event: 52.804 loading class java/io/BufferedWriterBeanInfo
Event: 52.804 loading class java/io/BufferedWriterBeanInfo done
Event: 52.804 loading class java/io/BufferedWriterBeanInfo
Event: 52.804 loading class java/io/BufferedWriterBeanInfo done
Event: 52.804 loading class java/io/WriterBeanInfo
Event: 52.804 loading class java/io/WriterBeanInfo done
Event: 52.806 loading class java/io/WriterBeanInfo
Event: 52.806 loading class java/io/WriterBeanInfo done
Event: 52.806 loading class java/io/WriterCustomizer
Event: 52.806 loading class java/io/WriterCustomizer done
Event: 52.806 loading class java/io/WriterCustomizer
Event: 52.806 loading class java/io/WriterCustomizer done
Event: 52.806 loading class java/io/BufferedWriterCustomizer
Event: 52.806 loading class java/io/BufferedWriterCustomizer done
Event: 52.807 loading class java/io/BufferedWriterCustomizer
Event: 52.807 loading class java/io/BufferedWriterCustomizer done


Dynamic libraries:
0x00007ff7e0c30000 - 0x00007ff7e0c3e000 	C:\Program Files\Microsoft\jdk-17.0.8.7-hotspot\bin\java.exe
0x00007fff00b90000 - 0x00007fff00d88000 	C:\WINDOWS\SYSTEM32\ntdll.dll
0x00007fff00940000 - 0x00007fff009fd000 	C:\WINDOWS\System32\KERNEL32.DLL
0x00007ffefe8a0000 - 0x00007ffefeb96000 	C:\WINDOWS\System32\KERNELBASE.dll
0x00007ffefe7a0000 - 0x00007ffefe8a0000 	C:\WINDOWS\System32\ucrtbase.dll
0x00007ffeee050000 - 0x00007ffeee06b000 	C:\Program Files\Microsoft\jdk-17.0.8.7-hotspot\bin\VCRUNTIME140.dll
0x00007ffeee030000 - 0x00007ffeee047000 	C:\Program Files\Microsoft\jdk-17.0.8.7-hotspot\bin\jli.dll
0x00007ffeffcb0000 - 0x00007ffeffe4e000 	C:\WINDOWS\System32\USER32.dll
0x00007ffefe550000 - 0x00007ffefe572000 	C:\WINDOWS\System32\win32u.dll
0x00007ffefef40000 - 0x00007ffefef6b000 	C:\WINDOWS\System32\GDI32.dll
0x00007ffef6e10000 - 0x00007ffef70aa000 	C:\WINDOWS\WinSxS\amd64_microsoft.windows.common-controls_6595b64144ccf1df_6.0.19041.3636_none_60b6a03d71f818d5\COMCTL32.dll
0x00007ffefe2f0000 - 0x00007ffefe407000 	C:\WINDOWS\System32\gdi32full.dll
0x00007fff00260000 - 0x00007fff002fe000 	C:\WINDOWS\System32\msvcrt.dll
0x00007ffefe250000 - 0x00007ffefe2ed000 	C:\WINDOWS\System32\msvcp_win.dll
0x00007fff00430000 - 0x00007fff00462000 	C:\WINDOWS\System32\IMM32.DLL
0x00007ffef9010000 - 0x00007ffef901c000 	C:\Program Files\Microsoft\jdk-17.0.8.7-hotspot\bin\vcruntime140_1.dll
0x00007ffeeb3d0000 - 0x00007ffeeb45d000 	C:\Program Files\Microsoft\jdk-17.0.8.7-hotspot\bin\msvcp140.dll
0x00007ffea5d10000 - 0x00007ffea6975000 	C:\Program Files\Microsoft\jdk-17.0.8.7-hotspot\bin\server\jvm.dll
0x00007fff00a00000 - 0x00007fff00ab3000 	C:\WINDOWS\System32\ADVAPI32.dll
0x00007ffeff7f0000 - 0x00007ffeff88f000 	C:\WINDOWS\System32\sechost.dll
0x00007fff00300000 - 0x00007fff00426000 	C:\WINDOWS\System32\RPCRT4.dll
0x00007ffefeba0000 - 0x00007ffefebc7000 	C:\WINDOWS\System32\bcrypt.dll
0x00007ffefd7f0000 - 0x00007ffefd83b000 	C:\WINDOWS\SYSTEM32\POWRPROF.dll
0x00007ffef7df0000 - 0x00007ffef7df9000 	C:\WINDOWS\SYSTEM32\WSOCK32.dll
0x00007ffeffb70000 - 0x00007ffeffbdb000 	C:\WINDOWS\System32\WS2_32.dll
0x00007ffef8f10000 - 0x00007ffef8f37000 	C:\WINDOWS\SYSTEM32\WINMM.dll
0x00007ffef3580000 - 0x00007ffef358a000 	C:\WINDOWS\SYSTEM32\VERSION.dll
0x00007ffefd660000 - 0x00007ffefd672000 	C:\WINDOWS\SYSTEM32\UMPDC.dll
0x00007ffefcae0000 - 0x00007ffefcaf2000 	C:\WINDOWS\SYSTEM32\kernel.appcore.dll
0x00007ffef0c00000 - 0x00007ffef0c0a000 	C:\Program Files\Microsoft\jdk-17.0.8.7-hotspot\bin\jimage.dll
0x00007ffef7900000 - 0x00007ffef7ae4000 	C:\WINDOWS\SYSTEM32\DBGHELP.DLL
0x00007ffef73c0000 - 0x00007ffef73f4000 	C:\WINDOWS\SYSTEM32\dbgcore.DLL
0x00007ffefe4c0000 - 0x00007ffefe542000 	C:\WINDOWS\System32\bcryptPrimitives.dll
0x00007ffee9750000 - 0x00007ffee975e000 	C:\Program Files\Microsoft\jdk-17.0.8.7-hotspot\bin\instrument.dll
0x00007ffeeb3a0000 - 0x00007ffeeb3c5000 	C:\Program Files\Microsoft\jdk-17.0.8.7-hotspot\bin\java.dll
0x00007ffee9760000 - 0x00007ffee9837000 	C:\Program Files\Microsoft\jdk-17.0.8.7-hotspot\bin\jsvml.dll
0x00007ffefef70000 - 0x00007ffeff6b5000 	C:\WINDOWS\System32\SHELL32.dll
0x00007ffefc230000 - 0x00007ffefc9cc000 	C:\WINDOWS\SYSTEM32\windows.storage.dll
0x00007ffefebe0000 - 0x00007ffefef34000 	C:\WINDOWS\System32\combase.dll
0x00007ffefdc80000 - 0x00007ffefdcae000 	C:\WINDOWS\SYSTEM32\Wldp.dll
0x00007ffeffbe0000 - 0x00007ffeffcad000 	C:\WINDOWS\System32\OLEAUT32.dll
0x00007fff000c0000 - 0x00007fff0016d000 	C:\WINDOWS\System32\SHCORE.dll
0x00007fff00470000 - 0x00007fff004c5000 	C:\WINDOWS\System32\shlwapi.dll
0x00007ffefe180000 - 0x00007ffefe1a5000 	C:\WINDOWS\SYSTEM32\profapi.dll
0x00007ffeeb130000 - 0x00007ffeeb148000 	C:\Program Files\Microsoft\jdk-17.0.8.7-hotspot\bin\zip.dll
0x00007ffeedad0000 - 0x00007ffeedae9000 	C:\Program Files\Microsoft\jdk-17.0.8.7-hotspot\bin\net.dll
0x00007ffef6750000 - 0x00007ffef685a000 	C:\WINDOWS\SYSTEM32\WINHTTP.dll
0x00007ffefd9e0000 - 0x00007ffefda4a000 	C:\WINDOWS\system32\mswsock.dll
0x00007ffeeb380000 - 0x00007ffeeb396000 	C:\Program Files\Microsoft\jdk-17.0.8.7-hotspot\bin\nio.dll
0x00007ffeee020000 - 0x00007ffeee030000 	C:\Program Files\Microsoft\jdk-17.0.8.7-hotspot\bin\verify.dll
0x00007ffeeb100000 - 0x00007ffeeb127000 	C:\Users\Al hamad\.gradle\native\68d5fa5c4cc2d200863cafc0d521ce42e7d3e7ee720ec0a83991735586a16f82\windows-amd64\native-platform.dll
0x00007ffeda6e0000 - 0x00007ffeda824000 	C:\Users\Al hamad\.gradle\native\e376f236ea51e6404a007f0833ffe2c6e607c4080706a723a18a27aeea778392\windows-amd64\native-platform-file-events.dll
0x00007ffeeb370000 - 0x00007ffeeb379000 	C:\Program Files\Microsoft\jdk-17.0.8.7-hotspot\bin\management.dll
0x00007ffeeb0f0000 - 0x00007ffeeb0fb000 	C:\Program Files\Microsoft\jdk-17.0.8.7-hotspot\bin\management_ext.dll
0x00007fff00b20000 - 0x00007fff00b28000 	C:\WINDOWS\System32\PSAPI.DLL
0x00007ffefdbd0000 - 0x00007ffefdbe8000 	C:\WINDOWS\SYSTEM32\CRYPTSP.dll
0x00007ffefd2a0000 - 0x00007ffefd2d4000 	C:\WINDOWS\system32\rsaenh.dll
0x00007ffefe100000 - 0x00007ffefe12e000 	C:\WINDOWS\SYSTEM32\USERENV.dll
0x00007ffefdbf0000 - 0x00007ffefdbfc000 	C:\WINDOWS\SYSTEM32\CRYPTBASE.dll
0x00007ffefd680000 - 0x00007ffefd6bb000 	C:\WINDOWS\SYSTEM32\IPHLPAPI.DLL
0x00007ffefebd0000 - 0x00007ffefebd8000 	C:\WINDOWS\System32\NSI.dll
0x00007ffef7340000 - 0x00007ffef7357000 	C:\WINDOWS\SYSTEM32\dhcpcsvc6.DLL
0x00007ffef7c70000 - 0x00007ffef7c8d000 	C:\WINDOWS\SYSTEM32\dhcpcsvc.DLL
0x00007ffefd6c0000 - 0x00007ffefd78b000 	C:\WINDOWS\SYSTEM32\DNSAPI.dll
0x00007ffee9740000 - 0x00007ffee974e000 	C:\Program Files\Microsoft\jdk-17.0.8.7-hotspot\bin\sunmscapi.dll
0x00007ffefe580000 - 0x00007ffefe6dd000 	C:\WINDOWS\System32\CRYPT32.dll
0x00007ffefdcf0000 - 0x00007ffefdd18000 	C:\WINDOWS\SYSTEM32\ncrypt.dll
0x00007ffefdcb0000 - 0x00007ffefdceb000 	C:\WINDOWS\SYSTEM32\NTASN1.dll
0x00007ffeedac0000 - 0x00007ffeedac7000 	C:\WINDOWS\system32\wshunix.dll
0x00007ffee6320000 - 0x00007ffee6337000 	C:\WINDOWS\system32\napinsp.dll
0x00007ffee6340000 - 0x00007ffee635b000 	C:\WINDOWS\system32\pnrpnsp.dll
0x00007ffee36a0000 - 0x00007ffee36b5000 	C:\WINDOWS\system32\wshbth.dll
0x00007ffef84c0000 - 0x00007ffef84dd000 	C:\WINDOWS\system32\NLAapi.dll
0x00007ffee8270000 - 0x00007ffee8282000 	C:\WINDOWS\System32\winrnr.dll
0x00007ffef5aa0000 - 0x00007ffef5aaa000 	C:\Windows\System32\rasadhlp.dll
0x00007ffef5070000 - 0x00007ffef50f0000 	C:\WINDOWS\System32\fwpuclnt.dll

dbghelp: loaded successfully - version: 4.0.5 - missing functions: none
symbol engine: initialized successfully - sym options: 0x614 - pdb path: .;C:\Program Files\Microsoft\jdk-17.0.8.7-hotspot\bin;C:\WINDOWS\SYSTEM32;C:\WINDOWS\WinSxS\amd64_microsoft.windows.common-controls_6595b64144ccf1df_6.0.19041.3636_none_60b6a03d71f818d5;C:\Program Files\Microsoft\jdk-17.0.8.7-hotspot\bin\server;C:\Users\Al hamad\.gradle\native\68d5fa5c4cc2d200863cafc0d521ce42e7d3e7ee720ec0a83991735586a16f82\windows-amd64;C:\Users\Al hamad\.gradle\native\e376f236ea51e6404a007f0833ffe2c6e607c4080706a723a18a27aeea778392\windows-amd64

VM Arguments:
jvm_args: -XX:MaxMetaspaceSize=512m --add-opens=java.base/java.util=ALL-UNNAMED --add-opens=java.base/java.lang=ALL-UNNAMED --add-opens=java.base/java.lang.invoke=ALL-UNNAMED --add-opens=java.prefs/java.util.prefs=ALL-UNNAMED --add-opens=java.base/java.nio.charset=ALL-UNNAMED --add-opens=java.base/java.net=ALL-UNNAMED --add-opens=java.base/java.util.concurrent.atomic=ALL-UNNAMED -Xmx2048m -Dfile.encoding=windows-1252 -Duser.country=US -Duser.language=en -Duser.variant -javaagent:C:\Users\Al hamad\.gradle\wrapper\dists\gradle-8.3-all\6en3ugtfdg5xnpx44z4qbwgas\gradle-8.3\lib\agents\gradle-instrumentation-agent-8.3.jar 
java_command: org.gradle.launcher.daemon.bootstrap.GradleDaemon 8.3
java_class_path (initial): C:\Users\Al hamad\.gradle\wrapper\dists\gradle-8.3-all\6en3ugtfdg5xnpx44z4qbwgas\gradle-8.3\lib\gradle-launcher-8.3.jar
Launcher Type: SUN_STANDARD

[Global flags]
     intx CICompilerCount                          = 3                                         {product} {ergonomic}
   size_t CompressedClassSpaceSize                 = 436207616                                 {product} {ergonomic}
     uint ConcGCThreads                            = 1                                         {product} {ergonomic}
     uint G1ConcRefinementThreads                  = 4                                         {product} {ergonomic}
   size_t G1HeapRegionSize                         = 1048576                                   {product} {ergonomic}
    uintx GCDrainStackTargetSize                   = 64                                        {product} {ergonomic}
   size_t InitialHeapSize                          = 134217728                                 {product} {ergonomic}
   size_t MarkStackSize                            = 4194304                                   {product} {ergonomic}
   size_t MaxHeapSize                              = 2147483648                                {product} {command line}
   size_t MaxMetaspaceSize                         = 536870912                                 {product} {command line}
   size_t MaxNewSize                               = 1287651328                                {product} {ergonomic}
   size_t MinHeapDeltaBytes                        = 1048576                                   {product} {ergonomic}
   size_t MinHeapSize                              = 8388608                                   {product} {ergonomic}
    uintx NonNMethodCodeHeapSize                   = 5832780                                {pd product} {ergonomic}
    uintx NonProfiledCodeHeapSize                  = 122912730                              {pd product} {ergonomic}
    uintx ProfiledCodeHeapSize                     = 122912730                              {pd product} {ergonomic}
    uintx ReservedCodeCacheSize                    = 251658240                              {pd product} {ergonomic}
     bool SegmentedCodeCache                       = true                                      {product} {ergonomic}
   size_t SoftMaxHeapSize                          = 2147483648                             {manageable} {ergonomic}
     bool UseCompressedClassPointers               = true                           {product lp64_product} {ergonomic}
     bool UseCompressedOops                        = true                           {product lp64_product} {ergonomic}
     bool UseG1GC                                  = true                                      {product} {ergonomic}
     bool UseLargePagesIndividualAllocation        = false                                  {pd product} {ergonomic}

Logging:
Log output configuration:
 #0: stdout all=warning uptime,level,tags
 #1: stderr all=off uptime,level,tags

Environment Variables:
JAVA_HOME=C:\Program Files\Microsoft\jdk-17.0.8.7-hotspot\
CLASSPATH=E:\Socail App\SocialApp\android\\gradle\wrapper\gradle-wrapper.jar
PATH=E:\Socail App\SocialApp\node_modules\.bin;E:\Socail App\SocialApp\node_modules\.bin;E:\Socail App\node_modules\.bin;E:\node_modules\.bin;C:\Users\Al hamad\AppData\Roaming\npm\node_modules\npm\node_modules\@npmcli\run-script\lib\node-gyp-bin;E:\Socail App\SocialApp\node_modules\.bin;E:\Socail App\node_modules\.bin;E:\node_modules\.bin;C:\Users\Al hamad\AppData\Roaming\npm\node_modules\npm\node_modules\@npmcli\run-script\lib\node-gyp-bin;C:\Program Files\Microsoft\jdk-17.0.8.7-hotspot\bin;C:\WINDOWS\system32;C:\WINDOWS;C:\WINDOWS\System32\Wbem;C:\WINDOWS\System32\WindowsPowerShell\v1.0\;C:\WINDOWS\System32\OpenSSH\;C:\Program Files (x86)\Git\cmd;C:\ProgramData\chocolatey\bin;D:\Program Files\nodejs\;C:\Users\Al hamad\AppData\Local\Android\Sdk\platform-tools;C:\Users\Al hamad\AppData\Local\Microsoft\WindowsApps;;D:\Users\Al hamad\AppData\Local\Programs\Microsoft VS Code\bin;C:\Users\Al hamad\AppData\Roaming\npm
USERNAME=Al hamad
OS=Windows_NT
PROCESSOR_IDENTIFIER=Intel64 Family 6 Model 69 Stepping 1, GenuineIntel
TMP=C:\Users\ALHAMA~1\AppData\Local\Temp
TEMP=C:\Users\ALHAMA~1\AppData\Local\Temp



---------------  S Y S T E M  ---------------

OS:
 Windows 10 , 64 bit Build 19041 (10.0.19041.3636)
OS uptime: 1 days 12:38 hours

CPU: total 4 (initial active 4) (2 cores per cpu, 2 threads per core) family 6 model 69 stepping 1 microcode 0x25, cx8, cmov, fxsr, ht, mmx, sse, sse2, sse3, ssse3, sse4.1, sse4.2, popcnt, lzcnt, tsc, tscinvbit, avx, avx2, aes, erms, clmul, bmi1, bmi2, fma, vzeroupper, clflush
Processor Information for all 4 processors :
  Max Mhz: 2501, Current Mhz: 2501, Mhz Limit: 2501

Memory: 4k page, system-wide physical 8089M (2732M free)
TotalPageFile size 11289M (AvailPageFile size 5464M)
current process WorkingSet (physical memory assigned to process): 580M, peak: 588M
current process commit charge ("private bytes"): 618M, peak: 628M

vm_info: OpenJDK 64-Bit Server VM (17.0.8+7-LTS) for windows-amd64 JRE (17.0.8+7-LTS), built on Jul  7 2023 17:21:55 by "MicrosoftCorporation" with MS VC++ 16.10 / 16.11 (VS2019)

END.
